#
# There is insufficient memory for the Java Runtime Environment to continue.
# Native memory allocation (mmap) failed to map 163577856 bytes for G1 virtual space
# Possible reasons:
#   The system is out of physical RAM or swap space
#   The process is running with CompressedOops enabled, and the Java Heap may be blocking the growth of the native heap
# Possible solutions:
#   Reduce memory load on the system
#   Increase physical memory or swap space
#   Check if swap backing store is full
#   Decrease Java heap size (-Xmx/-Xms)
#   Decrease number of Java threads
#   Decrease Java thread stack sizes (-Xss)
#   Set larger code cache with -XX:ReservedCodeCacheSize=
#   JVM is running with Zero Based Compressed Oops mode in which the Java heap is
#     placed in the first 32GB address space. The Java Heap base address is the
#     maximum limit for the native heap growth. Please use -XX:HeapBaseMinAddress
#     to set the Java Heap base and to place the Java Heap above 32GB virtual address.
# This output file may be truncated or incomplete.
#
#  Out of Memory Error (os_windows.cpp:3469), pid=17772, tid=12112
#
# JRE version: OpenJDK Runtime Environment (17.0.1+12) (build 17.0.1+12-39)
# Java VM: OpenJDK 64-Bit Server VM (17.0.1+12-39, mixed mode, sharing, tiered, compressed oops, compressed class ptrs, g1 gc, windows-amd64)
# No core dump will be written. Minidumps are not enabled by default on client versions of Windows
#

---------------  S U M M A R Y ------------

Command Line: -Dmaven.multiModuleProjectDirectory=C:\Users\dlatf\OneDrive\Desktop\DatTechnologies\payment-api -Djansi.passthrough=true -Dmaven.home=C:\Users\dlatf\.m2\wrapper\dists\apache-maven-3.9.4-bin\2vqnav6ufo1qvo5j2um40861m\apache-maven-3.9.4 -Dclassworlds.conf=C:\Users\dlatf\.m2\wrapper\dists\apache-maven-3.9.4-bin\2vqnav6ufo1qvo5j2um40861m\apache-maven-3.9.4\bin\m2.conf -Dmaven.ext.class.path=D:\IntelliJ IDEA 2024.1\plugins\maven\lib\maven-event-listener.jar -javaagent:D:\IntelliJ IDEA 2024.1\lib\idea_rt.jar=52645:D:\IntelliJ IDEA 2024.1\bin -Dfile.encoding=UTF-8 org.codehaus.classworlds.Launcher -Didea.version=2024.1 compile

Host: AMD Ryzen 7 4800H with Radeon Graphics         , 16 cores, 15G,  Windows 10 , 64 bit Build 19041 (10.0.19041.4957)
Time: Tue Nov 12 22:38:53 2024  Windows 10 , 64 bit Build 19041 (10.0.19041.4957) elapsed time: 5.536004 seconds (0d 0h 0m 5s)

---------------  T H R E A D  ---------------

Current thread (0x0000015f7f6ba0a0):  VMThread "VM Thread" [stack: 0x000000156f500000,0x000000156f600000] [id=12112]

Stack: [0x000000156f500000,0x000000156f600000]
Native frames: (J=compiled Java code, j=interpreted, Vv=VM code, C=native code)
V  [jvm.dll+0x66fa1a]
V  [jvm.dll+0x7ce5a4]
V  [jvm.dll+0x7cfd4e]
V  [jvm.dll+0x7d03b3]
V  [jvm.dll+0x242b05]
V  [jvm.dll+0x66ca39]
V  [jvm.dll+0x661502]
V  [jvm.dll+0x30081b]
V  [jvm.dll+0x307da6]
V  [jvm.dll+0x357a1e]
V  [jvm.dll+0x357c4f]
V  [jvm.dll+0x2d7ad8]
V  [jvm.dll+0x2d5da4]
V  [jvm.dll+0x2d53ac]
V  [jvm.dll+0x318d0b]
V  [jvm.dll+0x7d484b]
V  [jvm.dll+0x7d5584]
V  [jvm.dll+0x7d5a9c]
V  [jvm.dll+0x7d5e74]
V  [jvm.dll+0x7d5f40]
V  [jvm.dll+0x77e91a]
V  [jvm.dll+0x66e845]
C  [ucrtbase.dll+0x21bb2]
C  [KERNEL32.DLL+0x17374]
C  [ntdll.dll+0x4cc91]

VM_Operation (0x000000156effbd80): G1CollectForAllocation, mode: safepoint, requested by thread 0x0000015f6d3189c0


---------------  P R O C E S S  ---------------

Threads class SMR info:
_java_thread_list=0x0000015f19e29c90, length=20, elements={
0x0000015f6d3189c0, 0x0000015f7f6be3a0, 0x0000015f13802c10, 0x0000015f13820f90,
0x0000015f13821d50, 0x0000015f13822700, 0x0000015f138230b0, 0x0000015f13823e40,
0x0000015f13824cf0, 0x0000015f13829f40, 0x0000015f7f6ab6a0, 0x0000015f1392b6d0,
0x0000015f139380c0, 0x0000015f139d8f20, 0x0000015f13ab3b10, 0x0000015f140161f0,
0x0000015f1401a500, 0x0000015f142f4f20, 0x0000015f142f5430, 0x0000015f142f5d50
}

Java Threads: ( => current thread )
  0x0000015f6d3189c0 JavaThread "main" [_thread_blocked, id=4556, stack(0x000000156ef00000,0x000000156f000000)]
  0x0000015f7f6be3a0 JavaThread "Reference Handler" daemon [_thread_blocked, id=5720, stack(0x000000156f600000,0x000000156f700000)]
  0x0000015f13802c10 JavaThread "Finalizer" daemon [_thread_blocked, id=20436, stack(0x000000156f700000,0x000000156f800000)]
  0x0000015f13820f90 JavaThread "Signal Dispatcher" daemon [_thread_blocked, id=17988, stack(0x000000156f800000,0x000000156f900000)]
  0x0000015f13821d50 JavaThread "Attach Listener" daemon [_thread_blocked, id=4408, stack(0x000000156f900000,0x000000156fa00000)]
  0x0000015f13822700 JavaThread "Service Thread" daemon [_thread_blocked, id=14104, stack(0x000000156fa00000,0x000000156fb00000)]
  0x0000015f138230b0 JavaThread "Monitor Deflation Thread" daemon [_thread_blocked, id=18260, stack(0x000000156fb00000,0x000000156fc00000)]
  0x0000015f13823e40 JavaThread "C2 CompilerThread0" daemon [_thread_blocked, id=17148, stack(0x000000156fc00000,0x000000156fd00000)]
  0x0000015f13824cf0 JavaThread "C1 CompilerThread0" daemon [_thread_blocked, id=4468, stack(0x000000156fd00000,0x000000156fe00000)]
  0x0000015f13829f40 JavaThread "Sweeper thread" daemon [_thread_blocked, id=10212, stack(0x000000156fe00000,0x000000156ff00000)]
  0x0000015f7f6ab6a0 JavaThread "Common-Cleaner" daemon [_thread_blocked, id=2848, stack(0x000000156ff00000,0x0000001570000000)]
  0x0000015f1392b6d0 JavaThread "C1 CompilerThread1" daemon [_thread_blocked, id=19344, stack(0x0000001570000000,0x0000001570100000)]
  0x0000015f139380c0 JavaThread "C2 CompilerThread1" daemon [_thread_blocked, id=2988, stack(0x0000001570100000,0x0000001570200000)]
  0x0000015f139d8f20 JavaThread "Monitor Ctrl-Break" daemon [_thread_in_native, id=13424, stack(0x0000001570200000,0x0000001570300000)]
  0x0000015f13ab3b10 JavaThread "Notification Thread" daemon [_thread_blocked, id=13432, stack(0x0000001570300000,0x0000001570400000)]
  0x0000015f140161f0 JavaThread "C1 CompilerThread2" daemon [_thread_blocked, id=4568, stack(0x0000001570500000,0x0000001570600000)]
  0x0000015f1401a500 JavaThread "C1 CompilerThread3" daemon [_thread_blocked, id=13456, stack(0x0000001570600000,0x0000001570700000)]
  0x0000015f142f4f20 JavaThread "C2 CompilerThread2" daemon [_thread_blocked, id=3668, stack(0x0000001570e00000,0x0000001570f00000)]
  0x0000015f142f5430 JavaThread "C2 CompilerThread3" daemon [_thread_blocked, id=22404, stack(0x0000001570f00000,0x0000001571000000)]
  0x0000015f142f5d50 JavaThread "C2 CompilerThread4" daemon [_thread_blocked, id=19744, stack(0x0000001571000000,0x0000001571100000)]

Other Threads:
=>0x0000015f7f6ba0a0 VMThread "VM Thread" [stack: 0x000000156f500000,0x000000156f600000] [id=12112]
  0x0000015f13a50600 WatcherThread [stack: 0x0000001570400000,0x0000001570500000] [id=5836]
  0x0000015f6d369010 GCTaskThread "GC Thread#0" [stack: 0x000000156f000000,0x000000156f100000] [id=14012]
  0x0000015f142c3050 GCTaskThread "GC Thread#1" [stack: 0x0000001570700000,0x0000001570800000] [id=20372]
  0x0000015f13e3b450 GCTaskThread "GC Thread#2" [stack: 0x0000001570800000,0x0000001570900000] [id=22104]
  0x0000015f1427c830 GCTaskThread "GC Thread#3" [stack: 0x0000001570900000,0x0000001570a00000] [id=17076]
  0x0000015f1427cae0 GCTaskThread "GC Thread#4" [stack: 0x0000001570a00000,0x0000001570b00000] [id=18952]
  0x0000015f144453d0 GCTaskThread "GC Thread#5" [stack: 0x0000001570b00000,0x0000001570c00000] [id=3908]
  0x0000015f144dc460 GCTaskThread "GC Thread#6" [stack: 0x0000001570c00000,0x0000001570d00000] [id=10028]
  0x0000015f144dcb20 GCTaskThread "GC Thread#7" [stack: 0x0000001570d00000,0x0000001570e00000] [id=3532]
  0x0000015f14968820 GCTaskThread "GC Thread#8" [stack: 0x0000001571100000,0x0000001571200000] [id=20308]
  0x0000015f14512830 GCTaskThread "GC Thread#9" [stack: 0x0000001571200000,0x0000001571300000] [id=22020]
  0x0000015f149fb050 GCTaskThread "GC Thread#10" [stack: 0x0000001571300000,0x0000001571400000] [id=22228]
  0x0000015f149fb860 GCTaskThread "GC Thread#11" [stack: 0x0000001571400000,0x0000001571500000] [id=14812]
  0x0000015f149fbb10 GCTaskThread "GC Thread#12" [stack: 0x0000001571500000,0x0000001571600000] [id=11052]
  0x0000015f6d379520 ConcurrentGCThread "G1 Main Marker" [stack: 0x000000156f100000,0x000000156f200000] [id=19064]
  0x0000015f6d37e260 ConcurrentGCThread "G1 Conc#0" [stack: 0x000000156f200000,0x000000156f300000] [id=22288]
  0x0000015f149fa590 ConcurrentGCThread "G1 Conc#1" [stack: 0x0000001571700000,0x0000001571800000] [id=18424]
  0x0000015f149fa840 ConcurrentGCThread "G1 Conc#2" [stack: 0x0000001571800000,0x0000001571900000] [id=13548]
  0x0000015f6d3e1ee0 ConcurrentGCThread "G1 Refine#0" [stack: 0x000000156f300000,0x000000156f400000] [id=5612]
  0x0000015f6d3e2800 ConcurrentGCThread "G1 Service" [stack: 0x000000156f400000,0x000000156f500000] [id=13552]

Threads with active compile tasks:
C2 CompilerThread0     5549 7763       4       jdk.internal.reflect.ClassFileAssembler::emitShort (24 bytes)
C1 CompilerThread0     5549 7782       3       lombok.core.handlers.HandlerUtil::toAccessorName (318 bytes)
C2 CompilerThread1     5549 7780       4       lombok.core.AST::buildWithField (21 bytes)
C1 CompilerThread2     5549 7774       3       lombok.core.handlers.HandlerUtil::removePrefix (195 bytes)
C2 CompilerThread2     5549 7696       4       lombok.core.configuration.BubblingConfigurationResolver::resolve (432 bytes)
C2 CompilerThread3     5549 7723       4       java.util.regex.Pattern::escape (1327 bytes)
C2 CompilerThread4     5549 7767       4       lombok.core.LombokNode::<init> (100 bytes)

VM state: at safepoint (normal execution)

VM Mutex/Monitor currently owned by a thread:  ([mutex/lock_event])
[0x0000015f6d315f10] Threads_lock - owner thread: 0x0000015f7f6ba0a0
[0x0000015f6d3156a0] Heap_lock - owner thread: 0x0000015f6d3189c0

Heap address: 0x000000070a200000, size: 3934 MB, Compressed Oops mode: Zero based, Oop shift amount: 3

CDS archive(s) mapped at: [0x0000000800000000-0x0000000800bc0000-0x0000000800bc0000), size 12320768, SharedBaseAddress: 0x0000000800000000, ArchiveRelocationMode: 0.
Compressed class space mapped at: 0x0000000800c00000-0x0000000840c00000, reserved size: 1073741824
Narrow klass base: 0x0000000800000000, Narrow klass shift: 0, Narrow klass range: 0x100000000

GC Precious Log:
 CPUs: 16 total, 16 available
 Memory: 15732M
 Large Page Support: Disabled
 NUMA Support: Disabled
 Compressed Oops: Enabled (Zero based)
 Heap Region Size: 2M
 Heap Min Capacity: 8M
 Heap Initial Capacity: 246M
 Heap Max Capacity: 3934M
 Pre-touch: Disabled
 Parallel Workers: 13
 Concurrent Workers: 3
 Concurrent Refinement Workers: 13
 Periodic GC: Disabled

Heap:
 garbage-first heap   total 253952K, used 63965K [0x000000070a200000, 0x0000000800000000)
  region size 2048K, 2 young (4096K), 2 survivors (4096K)
 Metaspace       used 30465K, committed 30848K, reserved 1081344K
  class space    used 3453K, committed 3648K, reserved 1048576K

Heap Regions: E=young(eden), S=young(survivor), O=old, HS=humongous(starts), HC=humongous(continues), CS=collection set, F=free, OA=open archive, CA=closed archive, TAMS=top-at-mark-start (previous, next)
|   0|0x000000070a200000, 0x000000070a400000, 0x000000070a400000|100%| O|  |TAMS 0x000000070a400000, 0x000000070a200000| Untracked 
|   1|0x000000070a400000, 0x000000070a600000, 0x000000070a600000|100%| O|  |TAMS 0x000000070a600000, 0x000000070a400000| Untracked 
|   2|0x000000070a600000, 0x000000070a800000, 0x000000070a800000|100%| O|  |TAMS 0x000000070a800000, 0x000000070a600000| Untracked 
|   3|0x000000070a800000, 0x000000070aa00000, 0x000000070aa00000|100%| O|  |TAMS 0x000000070aa00000, 0x000000070a800000| Untracked 
|   4|0x000000070aa00000, 0x000000070ac00000, 0x000000070ac00000|100%| O|  |TAMS 0x000000070ac00000, 0x000000070aa00000| Untracked 
|   5|0x000000070ac00000, 0x000000070ae00000, 0x000000070ae00000|100%| O|  |TAMS 0x000000070ae00000, 0x000000070ac00000| Untracked 
|   6|0x000000070ae00000, 0x000000070b000000, 0x000000070b000000|100%| O|  |TAMS 0x000000070b000000, 0x000000070ae00000| Untracked 
|   7|0x000000070b000000, 0x000000070b200000, 0x000000070b200000|100%| O|  |TAMS 0x000000070b200000, 0x000000070b000000| Untracked 
|   8|0x000000070b200000, 0x000000070b400000, 0x000000070b400000|100%| O|  |TAMS 0x000000070b200000, 0x000000070b200000| Untracked 
|   9|0x000000070b400000, 0x000000070b600000, 0x000000070b600000|100%| O|  |TAMS 0x000000070b600000, 0x000000070b400000| Untracked 
|  10|0x000000070b600000, 0x000000070b800000, 0x000000070b800000|100%| O|  |TAMS 0x000000070b800000, 0x000000070b600000| Untracked 
|  11|0x000000070b800000, 0x000000070ba00000, 0x000000070ba00000|100%| O|  |TAMS 0x000000070ba00000, 0x000000070b800000| Untracked 
|  12|0x000000070ba00000, 0x000000070bc00000, 0x000000070bc00000|100%| O|  |TAMS 0x000000070bc00000, 0x000000070ba00000| Untracked 
|  13|0x000000070bc00000, 0x000000070be00000, 0x000000070be00000|100%| O|  |TAMS 0x000000070be00000, 0x000000070bc00000| Untracked 
|  14|0x000000070be00000, 0x000000070c000000, 0x000000070c000000|100%| O|  |TAMS 0x000000070be4f600, 0x000000070be00000| Untracked 
|  15|0x000000070c000000, 0x000000070c200000, 0x000000070c200000|100%| O|  |TAMS 0x000000070c200000, 0x000000070c000000| Untracked 
|  16|0x000000070c200000, 0x000000070c400000, 0x000000070c400000|100%| O|  |TAMS 0x000000070c200000, 0x000000070c200000| Untracked 
|  17|0x000000070c400000, 0x000000070c600000, 0x000000070c600000|100%| O|  |TAMS 0x000000070c400000, 0x000000070c400000| Untracked 
|  18|0x000000070c600000, 0x000000070c800000, 0x000000070c800000|100%| O|  |TAMS 0x000000070c600000, 0x000000070c600000| Untracked 
|  19|0x000000070c800000, 0x000000070c970e00, 0x000000070ca00000| 72%| O|  |TAMS 0x000000070c800000, 0x000000070c800000| Untracked 
|  20|0x000000070ca00000, 0x000000070cc00000, 0x000000070cc00000|100%| O|  |TAMS 0x000000070ca00000, 0x000000070ca00000| Untracked 
|  21|0x000000070cc00000, 0x000000070ce00000, 0x000000070ce00000|100%| O|  |TAMS 0x000000070cc00000, 0x000000070cc00000| Untracked 
|  22|0x000000070ce00000, 0x000000070d000000, 0x000000070d000000|100%| O|  |TAMS 0x000000070ce00000, 0x000000070ce00000| Untracked 
|  23|0x000000070d000000, 0x000000070d200000, 0x000000070d200000|100%| O|  |TAMS 0x000000070d000000, 0x000000070d000000| Untracked 
|  24|0x000000070d200000, 0x000000070d400000, 0x000000070d400000|100%|HS|  |TAMS 0x000000070d200000, 0x000000070d200000| Complete 
|  25|0x000000070d400000, 0x000000070d600000, 0x000000070d600000|100%| O|  |TAMS 0x000000070d400000, 0x000000070d400000| Untracked 
|  26|0x000000070d600000, 0x000000070d800000, 0x000000070d800000|100%| O|  |TAMS 0x000000070d600000, 0x000000070d600000| Untracked 
|  27|0x000000070d800000, 0x000000070da00000, 0x000000070da00000|100%| O|  |TAMS 0x000000070d800000, 0x000000070d800000| Untracked 
|  28|0x000000070da00000, 0x000000070dc00000, 0x000000070dc00000|100%| O|  |TAMS 0x000000070da00000, 0x000000070da00000| Untracked 
|  29|0x000000070dc00000, 0x000000070dcb8000, 0x000000070de00000| 35%| O|  |TAMS 0x000000070dc00000, 0x000000070dc00000| Untracked 
|  30|0x000000070de00000, 0x000000070de00000, 0x000000070e000000|  0%| F|  |TAMS 0x000000070de00000, 0x000000070de00000| Untracked 
|  31|0x000000070e000000, 0x000000070e000000, 0x000000070e200000|  0%| F|  |TAMS 0x000000070e000000, 0x000000070e000000| Untracked 
|  32|0x000000070e200000, 0x000000070e200000, 0x000000070e400000|  0%| F|  |TAMS 0x000000070e200000, 0x000000070e200000| Untracked 
|  33|0x000000070e400000, 0x000000070e400000, 0x000000070e600000|  0%| F|  |TAMS 0x000000070e400000, 0x000000070e400000| Untracked 
|  34|0x000000070e600000, 0x000000070e600000, 0x000000070e800000|  0%| F|  |TAMS 0x000000070e600000, 0x000000070e600000| Untracked 
|  35|0x000000070e800000, 0x000000070e800000, 0x000000070ea00000|  0%| F|  |TAMS 0x000000070e800000, 0x000000070e800000| Untracked 
|  36|0x000000070ea00000, 0x000000070ea00000, 0x000000070ec00000|  0%| F|  |TAMS 0x000000070ea00000, 0x000000070ea00000| Untracked 
|  37|0x000000070ec00000, 0x000000070ec00000, 0x000000070ee00000|  0%| F|  |TAMS 0x000000070ec00000, 0x000000070ec00000| Untracked 
|  38|0x000000070ee00000, 0x000000070ee00000, 0x000000070f000000|  0%| F|  |TAMS 0x000000070ee00000, 0x000000070ee00000| Untracked 
|  39|0x000000070f000000, 0x000000070f000000, 0x000000070f200000|  0%| F|  |TAMS 0x000000070f000000, 0x000000070f000000| Untracked 
|  40|0x000000070f200000, 0x000000070f200000, 0x000000070f400000|  0%| F|  |TAMS 0x000000070f200000, 0x000000070f200000| Untracked 
|  41|0x000000070f400000, 0x000000070f400000, 0x000000070f600000|  0%| F|  |TAMS 0x000000070f400000, 0x000000070f400000| Untracked 
|  42|0x000000070f600000, 0x000000070f600000, 0x000000070f800000|  0%| F|  |TAMS 0x000000070f600000, 0x000000070f600000| Untracked 
|  43|0x000000070f800000, 0x000000070f800000, 0x000000070fa00000|  0%| F|  |TAMS 0x000000070f800000, 0x000000070f800000| Untracked 
|  44|0x000000070fa00000, 0x000000070fa00000, 0x000000070fc00000|  0%| F|  |TAMS 0x000000070fa00000, 0x000000070fa00000| Untracked 
|  45|0x000000070fc00000, 0x000000070fc00000, 0x000000070fe00000|  0%| F|  |TAMS 0x000000070fc00000, 0x000000070fc00000| Untracked 
|  46|0x000000070fe00000, 0x000000070fe00000, 0x0000000710000000|  0%| F|  |TAMS 0x000000070fe00000, 0x000000070fe00000| Untracked 
|  47|0x0000000710000000, 0x0000000710000000, 0x0000000710200000|  0%| F|  |TAMS 0x0000000710000000, 0x0000000710000000| Untracked 
|  48|0x0000000710200000, 0x000000071024e908, 0x0000000710400000| 15%| S|CS|TAMS 0x0000000710200000, 0x0000000710200000| Complete 
|  49|0x0000000710400000, 0x0000000710600000, 0x0000000710600000|100%| S|CS|TAMS 0x0000000710400000, 0x0000000710400000| Complete 
|  50|0x0000000710600000, 0x0000000710600000, 0x0000000710800000|  0%| F|  |TAMS 0x0000000710600000, 0x0000000710600000| Untracked 
|  51|0x0000000710800000, 0x0000000710800000, 0x0000000710a00000|  0%| F|  |TAMS 0x0000000710800000, 0x0000000710800000| Untracked 
|  52|0x0000000710a00000, 0x0000000710a00000, 0x0000000710c00000|  0%| F|  |TAMS 0x0000000710a00000, 0x0000000710a00000| Untracked 
|  53|0x0000000710c00000, 0x0000000710c00000, 0x0000000710e00000|  0%| F|  |TAMS 0x0000000710c00000, 0x0000000710c00000| Untracked 
|  54|0x0000000710e00000, 0x0000000710e00000, 0x0000000711000000|  0%| F|  |TAMS 0x0000000710e00000, 0x0000000710e00000| Untracked 
|  55|0x0000000711000000, 0x0000000711000000, 0x0000000711200000|  0%| F|  |TAMS 0x0000000711000000, 0x0000000711000000| Untracked 
|  56|0x0000000711200000, 0x0000000711200000, 0x0000000711400000|  0%| F|  |TAMS 0x0000000711200000, 0x0000000711200000| Untracked 
|  57|0x0000000711400000, 0x0000000711400000, 0x0000000711600000|  0%| F|  |TAMS 0x0000000711400000, 0x0000000711400000| Untracked 
|  58|0x0000000711600000, 0x0000000711600000, 0x0000000711800000|  0%| F|  |TAMS 0x0000000711600000, 0x0000000711600000| Untracked 
|  59|0x0000000711800000, 0x0000000711800000, 0x0000000711a00000|  0%| F|  |TAMS 0x0000000711800000, 0x0000000711800000| Untracked 
|  60|0x0000000711a00000, 0x0000000711a00000, 0x0000000711c00000|  0%| F|  |TAMS 0x0000000711a00000, 0x0000000711a00000| Untracked 
|  61|0x0000000711c00000, 0x0000000711c00000, 0x0000000711e00000|  0%| F|  |TAMS 0x0000000711c00000, 0x0000000711c00000| Untracked 
|  62|0x0000000711e00000, 0x0000000711e00000, 0x0000000712000000|  0%| F|  |TAMS 0x0000000711e00000, 0x0000000711e00000| Untracked 
|  63|0x0000000712000000, 0x0000000712000000, 0x0000000712200000|  0%| F|  |TAMS 0x0000000712000000, 0x0000000712000000| Untracked 
|  64|0x0000000712200000, 0x0000000712200000, 0x0000000712400000|  0%| F|  |TAMS 0x0000000712200000, 0x0000000712200000| Untracked 
|  65|0x0000000712400000, 0x0000000712400000, 0x0000000712600000|  0%| F|  |TAMS 0x0000000712400000, 0x0000000712400000| Untracked 
|  66|0x0000000712600000, 0x0000000712600000, 0x0000000712800000|  0%| F|  |TAMS 0x0000000712600000, 0x0000000712600000| Untracked 
|  67|0x0000000712800000, 0x0000000712800000, 0x0000000712a00000|  0%| F|  |TAMS 0x0000000712800000, 0x0000000712800000| Untracked 
|  68|0x0000000712a00000, 0x0000000712a00000, 0x0000000712c00000|  0%| F|  |TAMS 0x0000000712a00000, 0x0000000712a00000| Untracked 
|  69|0x0000000712c00000, 0x0000000712c00000, 0x0000000712e00000|  0%| F|  |TAMS 0x0000000712c00000, 0x0000000712c00000| Untracked 
|  70|0x0000000712e00000, 0x0000000712e00000, 0x0000000713000000|  0%| F|  |TAMS 0x0000000712e00000, 0x0000000712e00000| Untracked 
|  71|0x0000000713000000, 0x0000000713000000, 0x0000000713200000|  0%| F|  |TAMS 0x0000000713000000, 0x0000000713000000| Untracked 
|  72|0x0000000713200000, 0x0000000713200000, 0x0000000713400000|  0%| F|  |TAMS 0x0000000713200000, 0x0000000713200000| Untracked 
|  73|0x0000000713400000, 0x0000000713400000, 0x0000000713600000|  0%| F|  |TAMS 0x0000000713400000, 0x0000000713400000| Untracked 
|  74|0x0000000713600000, 0x0000000713600000, 0x0000000713800000|  0%| F|  |TAMS 0x0000000713600000, 0x0000000713600000| Untracked 
|  75|0x0000000713800000, 0x0000000713800000, 0x0000000713a00000|  0%| F|  |TAMS 0x0000000713800000, 0x0000000713800000| Untracked 
|  76|0x0000000713a00000, 0x0000000713a00000, 0x0000000713c00000|  0%| F|  |TAMS 0x0000000713a00000, 0x0000000713a00000| Untracked 
|  77|0x0000000713c00000, 0x0000000713c00000, 0x0000000713e00000|  0%| F|  |TAMS 0x0000000713c00000, 0x0000000713c00000| Untracked 
|  78|0x0000000713e00000, 0x0000000713e00000, 0x0000000714000000|  0%| F|  |TAMS 0x0000000713e00000, 0x0000000713e00000| Untracked 
|  79|0x0000000714000000, 0x0000000714000000, 0x0000000714200000|  0%| F|  |TAMS 0x0000000714000000, 0x0000000714000000| Untracked 
|  80|0x0000000714200000, 0x0000000714200000, 0x0000000714400000|  0%| F|  |TAMS 0x0000000714200000, 0x0000000714200000| Untracked 
|  81|0x0000000714400000, 0x0000000714400000, 0x0000000714600000|  0%| F|  |TAMS 0x0000000714400000, 0x0000000714400000| Untracked 
|  82|0x0000000714600000, 0x0000000714600000, 0x0000000714800000|  0%| F|  |TAMS 0x0000000714600000, 0x0000000714600000| Untracked 
|  83|0x0000000714800000, 0x0000000714800000, 0x0000000714a00000|  0%| F|  |TAMS 0x0000000714800000, 0x0000000714800000| Untracked 
|  84|0x0000000714a00000, 0x0000000714a00000, 0x0000000714c00000|  0%| F|  |TAMS 0x0000000714a00000, 0x0000000714a00000| Untracked 
|  85|0x0000000714c00000, 0x0000000714c00000, 0x0000000714e00000|  0%| F|  |TAMS 0x0000000714c00000, 0x0000000714c00000| Untracked 
|  86|0x0000000714e00000, 0x0000000714e00000, 0x0000000715000000|  0%| F|  |TAMS 0x0000000714e00000, 0x0000000714e00000| Untracked 
|  87|0x0000000715000000, 0x0000000715000000, 0x0000000715200000|  0%| F|  |TAMS 0x0000000715000000, 0x0000000715000000| Untracked 
|  88|0x0000000715200000, 0x0000000715200000, 0x0000000715400000|  0%| F|  |TAMS 0x0000000715200000, 0x0000000715200000| Untracked 
|  89|0x0000000715400000, 0x0000000715400000, 0x0000000715600000|  0%| F|  |TAMS 0x0000000715400000, 0x0000000715400000| Untracked 
|  90|0x0000000715600000, 0x0000000715600000, 0x0000000715800000|  0%| F|  |TAMS 0x0000000715600000, 0x0000000715600000| Untracked 
|  91|0x0000000715800000, 0x0000000715800000, 0x0000000715a00000|  0%| F|  |TAMS 0x0000000715800000, 0x0000000715800000| Untracked 
|  92|0x0000000715a00000, 0x0000000715a00000, 0x0000000715c00000|  0%| F|  |TAMS 0x0000000715a00000, 0x0000000715a00000| Untracked 
|  93|0x0000000715c00000, 0x0000000715c00000, 0x0000000715e00000|  0%| F|  |TAMS 0x0000000715c00000, 0x0000000715c00000| Untracked 
|  94|0x0000000715e00000, 0x0000000715e00000, 0x0000000716000000|  0%| F|  |TAMS 0x0000000715e00000, 0x0000000715e00000| Untracked 
|  95|0x0000000716000000, 0x0000000716000000, 0x0000000716200000|  0%| F|  |TAMS 0x0000000716000000, 0x0000000716000000| Untracked 
|  96|0x0000000716200000, 0x0000000716200000, 0x0000000716400000|  0%| F|  |TAMS 0x0000000716200000, 0x0000000716200000| Untracked 
|  97|0x0000000716400000, 0x0000000716400000, 0x0000000716600000|  0%| F|  |TAMS 0x0000000716400000, 0x0000000716400000| Untracked 
|  98|0x0000000716600000, 0x0000000716600000, 0x0000000716800000|  0%| F|  |TAMS 0x0000000716600000, 0x0000000716600000| Untracked 
|  99|0x0000000716800000, 0x0000000716800000, 0x0000000716a00000|  0%| F|  |TAMS 0x0000000716800000, 0x0000000716800000| Untracked 
| 100|0x0000000716a00000, 0x0000000716a00000, 0x0000000716c00000|  0%| F|  |TAMS 0x0000000716a00000, 0x0000000716a00000| Untracked 
| 101|0x0000000716c00000, 0x0000000716c00000, 0x0000000716e00000|  0%| F|  |TAMS 0x0000000716c00000, 0x0000000716c00000| Untracked 
| 102|0x0000000716e00000, 0x0000000716e00000, 0x0000000717000000|  0%| F|  |TAMS 0x0000000716e00000, 0x0000000716e00000| Untracked 
| 103|0x0000000717000000, 0x0000000717000000, 0x0000000717200000|  0%| F|  |TAMS 0x0000000717000000, 0x0000000717000000| Untracked 
| 104|0x0000000717200000, 0x0000000717200000, 0x0000000717400000|  0%| F|  |TAMS 0x0000000717200000, 0x0000000717200000| Untracked 
| 105|0x0000000717400000, 0x0000000717400000, 0x0000000717600000|  0%| F|  |TAMS 0x0000000717400000, 0x0000000717400000| Untracked 
| 106|0x0000000717600000, 0x0000000717600000, 0x0000000717800000|  0%| F|  |TAMS 0x0000000717600000, 0x0000000717600000| Untracked 
| 107|0x0000000717800000, 0x0000000717800000, 0x0000000717a00000|  0%| F|  |TAMS 0x0000000717800000, 0x0000000717800000| Untracked 
| 108|0x0000000717a00000, 0x0000000717a00000, 0x0000000717c00000|  0%| F|  |TAMS 0x0000000717a00000, 0x0000000717a00000| Untracked 
| 109|0x0000000717c00000, 0x0000000717c00000, 0x0000000717e00000|  0%| F|  |TAMS 0x0000000717c00000, 0x0000000717c00000| Untracked 
| 110|0x0000000717e00000, 0x0000000717e00000, 0x0000000718000000|  0%| F|  |TAMS 0x0000000717e00000, 0x0000000717e00000| Untracked 
| 111|0x0000000718000000, 0x0000000718000000, 0x0000000718200000|  0%| F|  |TAMS 0x0000000718000000, 0x0000000718000000| Untracked 
| 112|0x0000000718200000, 0x0000000718200000, 0x0000000718400000|  0%| F|  |TAMS 0x0000000718200000, 0x0000000718200000| Untracked 
| 113|0x0000000718400000, 0x0000000718400000, 0x0000000718600000|  0%| F|  |TAMS 0x0000000718400000, 0x0000000718400000| Untracked 
| 114|0x0000000718600000, 0x0000000718600000, 0x0000000718800000|  0%| F|  |TAMS 0x0000000718600000, 0x0000000718600000| Untracked 
| 115|0x0000000718800000, 0x0000000718800000, 0x0000000718a00000|  0%| F|  |TAMS 0x0000000718800000, 0x0000000718800000| Untracked 
| 116|0x0000000718a00000, 0x0000000718a00000, 0x0000000718c00000|  0%| F|  |TAMS 0x0000000718a00000, 0x0000000718a00000| Untracked 
| 117|0x0000000718c00000, 0x0000000718c00000, 0x0000000718e00000|  0%| F|  |TAMS 0x0000000718c00000, 0x0000000718c00000| Untracked 
| 118|0x0000000718e00000, 0x0000000718e00000, 0x0000000719000000|  0%| F|  |TAMS 0x0000000718e00000, 0x0000000718e00000| Untracked 
| 119|0x0000000719000000, 0x0000000719000000, 0x0000000719200000|  0%| F|  |TAMS 0x0000000719000000, 0x0000000719000000| Untracked 
| 120|0x0000000719200000, 0x0000000719200000, 0x0000000719400000|  0%| F|  |TAMS 0x0000000719200000, 0x0000000719200000| Untracked 
| 121|0x0000000719400000, 0x0000000719400000, 0x0000000719600000|  0%| F|  |TAMS 0x0000000719400000, 0x0000000719400000| Untracked 
| 122|0x0000000719600000, 0x0000000719600000, 0x0000000719800000|  0%| F|  |TAMS 0x0000000719600000, 0x0000000719600000| Untracked 
|1966|0x00000007ffe00000, 0x0000000800000000, 0x0000000800000000|100%| O|  |TAMS 0x0000000800000000, 0x00000007ffe00000| Untracked 

Card table byte_map: [0x0000015f77a50000,0x0000015f78200000] _byte_map_base: 0x0000015f741ff000

Marking Bits (Prev, Next): (CMBitMap*) 0x0000015f6d369620, (CMBitMap*) 0x0000015f6d369660
 Prev Bits: [0x0000015f789b0000, 0x0000015f7c728000)
 Next Bits: [0x0000015f0f000000, 0x0000015f12d78000)

Polling page: 0x0000015f6d3f0000

Metaspace:

Usage:
  Non-class:     26.38 MB used.
      Class:      3.37 MB used.
       Both:     29.75 MB used.

Virtual space:
  Non-class space:       32.00 MB reserved,      26.56 MB ( 83%) committed,  4 nodes.
      Class space:        1.00 GB reserved,       3.56 MB ( <1%) committed,  1 nodes.
             Both:        1.03 GB reserved,      30.12 MB (  3%) committed. 

Chunk freelists:
   Non-Class:  651.00 KB
       Class:  500.00 KB
        Both:  1.12 MB

MaxMetaspaceSize: unlimited
CompressedClassSpaceSize: 1.00 GB
Initial GC threshold: 21.00 MB
Current GC threshold: 44.62 MB
CDS: on
MetaspaceReclaimPolicy: balanced
 - commit_granule_bytes: 65536.
 - commit_granule_words: 8192.
 - virtual_space_node_default_size: 1048576.
 - enlarge_chunks_in_place: 1.
 - new_chunks_are_fully_committed: 0.
 - uncommit_free_chunks: 1.
 - use_allocation_guard: 0.
 - handle_deallocations: 1.


Internal statistics:

num_allocs_failed_limit: 3.
num_arena_births: 234.
num_arena_deaths: 0.
num_vsnodes_births: 5.
num_vsnodes_deaths: 0.
num_space_committed: 482.
num_space_uncommitted: 0.
num_chunks_returned_to_freelist: 3.
num_chunks_taken_from_freelist: 1374.
num_chunk_merges: 3.
num_chunk_splits: 918.
num_chunks_enlarged: 695.
num_purges: 0.
num_inconsistent_stats: 0.

CodeHeap 'non-profiled nmethods': size=119168Kb used=4422Kb max_used=4422Kb free=114745Kb
 bounds [0x0000015f07ba0000, 0x0000015f08000000, 0x0000015f0f000000]
CodeHeap 'profiled nmethods': size=119104Kb used=15600Kb max_used=15600Kb free=103503Kb
 bounds [0x0000015f00750000, 0x0000015f01690000, 0x0000015f07ba0000]
CodeHeap 'non-nmethods': size=7488Kb used=2908Kb max_used=3000Kb free=4580Kb
 bounds [0x0000015f00000000, 0x0000015f00300000, 0x0000015f00750000]
 total_blobs=7522 nmethods=7001 adapters=430
 compilation: enabled
              stopped_count=0, restarted_count=0
 full_count=0

Compilation events (20 events):
Event: 5.517 Thread 0x0000015f13824cf0 7772       3       lombok.core.configuration.CapitalizationStrategy::defaultValue (4 bytes)
Event: 5.517 Thread 0x0000015f140161f0 nmethod 7761 0x0000015f01683f90 code [0x0000015f01684440, 0x0000015f016865f8]
Event: 5.517 Thread 0x0000015f1392b6d0 nmethod 7771 0x0000015f01688010 code [0x0000015f016881c0, 0x0000015f01688458]
Event: 5.517 Thread 0x0000015f1392b6d0 7773   !   3       lombok.core.AST::readConfigurationOr (71 bytes)
Event: 5.517 Thread 0x0000015f13824cf0 nmethod 7772 0x0000015f00b2a390 code [0x0000015f00b2a520, 0x0000015f00b2a618]
Event: 5.517 Thread 0x0000015f140161f0 7774       3       lombok.core.handlers.HandlerUtil::removePrefix (195 bytes)
Event: 5.517 Thread 0x0000015f13824cf0 7775       3       com.sun.tools.javac.tree.TreeMaker::Literal (20 bytes)
Event: 5.518 Thread 0x0000015f13824cf0 nmethod 7775 0x0000015f0168b610 code [0x0000015f0168b7e0, 0x0000015f0168bbf8]
Event: 5.518 Thread 0x0000015f1401a500 nmethod 7768 0x0000015f01688590 code [0x0000015f01688940, 0x0000015f0168ab98]
Event: 5.518 Thread 0x0000015f13824cf0 7776       3       com.sun.tools.javac.tree.JCTree$JCLiteral::<init> (15 bytes)
Event: 5.518 Thread 0x0000015f1401a500 7777       3       lombok.javac.JavacNode::getTreeMaker (8 bytes)
Event: 5.518 Thread 0x0000015f1392b6d0 nmethod 7773 0x0000015f0168bd90 code [0x0000015f0168bfa0, 0x0000015f0168c5e8]
Event: 5.518 Thread 0x0000015f1392b6d0 7778       3       lombok.javac.JavacAST::getTreeMaker (14 bytes)
Event: 5.518 Thread 0x0000015f139380c0 7780       4       lombok.core.AST::buildWithField (21 bytes)
Event: 5.518 Thread 0x0000015f13824cf0 nmethod 7776 0x0000015f0168c990 code [0x0000015f0168cb40, 0x0000015f0168ce98]
Event: 5.518 Thread 0x0000015f13824cf0 7779       3       lombok.javac.JavacTreeMaker::at (11 bytes)
Event: 5.518 Thread 0x0000015f1401a500 nmethod 7777 0x0000015f0168d010 code [0x0000015f0168d1c0, 0x0000015f0168d458]
Event: 5.519 Thread 0x0000015f1392b6d0 nmethod 7778 0x0000015f0168d610 code [0x0000015f0168d7c0, 0x0000015f0168d9d8]
Event: 5.519 Thread 0x0000015f13824cf0 nmethod 7779 0x0000015f0168db10 code [0x0000015f0168dca0, 0x0000015f0168de38]
Event: 5.519 Thread 0x0000015f13824cf0 7782       3       lombok.core.handlers.HandlerUtil::toAccessorName (318 bytes)

GC Heap History (20 events):
Event: 2.765 GC heap after
{Heap after GC invocations=3 (full 0):
 garbage-first heap   total 251904K, used 18173K [0x000000070a200000, 0x0000000800000000)
  region size 2048K, 8 young (16384K), 8 survivors (16384K)
 Metaspace       used 18827K, committed 19008K, reserved 1073152K
  class space    used 2151K, committed 2240K, reserved 1048576K
}
Event: 2.882 GC heap before
{Heap before GC invocations=3 (full 0):
 garbage-first heap   total 251904K, used 32509K [0x000000070a200000, 0x0000000800000000)
  region size 2048K, 17 young (34816K), 8 survivors (16384K)
 Metaspace       used 21309K, committed 21504K, reserved 1073152K
  class space    used 2491K, committed 2560K, reserved 1048576K
}
Event: 2.889 GC heap after
{Heap after GC invocations=4 (full 0):
 garbage-first heap   total 251904K, used 19850K [0x000000070a200000, 0x0000000800000000)
  region size 2048K, 1 young (2048K), 1 survivors (2048K)
 Metaspace       used 21309K, committed 21504K, reserved 1073152K
  class space    used 2491K, committed 2560K, reserved 1048576K
}
Event: 3.305 GC heap before
{Heap before GC invocations=5 (full 0):
 garbage-first heap   total 75776K, used 60810K [0x000000070a200000, 0x0000000800000000)
  region size 2048K, 22 young (45056K), 1 survivors (2048K)
 Metaspace       used 24958K, committed 25152K, reserved 1073152K
  class space    used 2859K, committed 2944K, reserved 1048576K
}
Event: 3.310 GC heap after
{Heap after GC invocations=6 (full 0):
 garbage-first heap   total 77824K, used 31632K [0x000000070a200000, 0x0000000800000000)
  region size 2048K, 3 young (6144K), 3 survivors (6144K)
 Metaspace       used 24958K, committed 25152K, reserved 1073152K
  class space    used 2859K, committed 2944K, reserved 1048576K
}
Event: 3.311 GC heap before
{Heap before GC invocations=6 (full 0):
 garbage-first heap   total 77824K, used 31632K [0x000000070a200000, 0x0000000800000000)
  region size 2048K, 4 young (8192K), 3 survivors (6144K)
 Metaspace       used 24960K, committed 25152K, reserved 1073152K
  class space    used 2859K, committed 2944K, reserved 1048576K
}
Event: 3.314 GC heap after
{Heap after GC invocations=7 (full 0):
 garbage-first heap   total 77824K, used 32413K [0x000000070a200000, 0x0000000800000000)
  region size 2048K, 1 young (2048K), 1 survivors (2048K)
 Metaspace       used 24960K, committed 25152K, reserved 1073152K
  class space    used 2859K, committed 2944K, reserved 1048576K
}
Event: 3.474 GC heap before
{Heap before GC invocations=7 (full 0):
 garbage-first heap   total 77824K, used 52893K [0x000000070a200000, 0x0000000800000000)
  region size 2048K, 12 young (24576K), 1 survivors (2048K)
 Metaspace       used 25128K, committed 25408K, reserved 1073152K
  class space    used 2880K, committed 3008K, reserved 1048576K
}
Event: 3.478 GC heap after
{Heap after GC invocations=8 (full 0):
 garbage-first heap   total 77824K, used 38912K [0x000000070a200000, 0x0000000800000000)
  region size 2048K, 2 young (4096K), 2 survivors (4096K)
 Metaspace       used 25128K, committed 25408K, reserved 1073152K
  class space    used 2880K, committed 3008K, reserved 1048576K
}
Event: 3.657 GC heap before
{Heap before GC invocations=8 (full 0):
 garbage-first heap   total 77824K, used 57344K [0x000000070a200000, 0x0000000800000000)
  region size 2048K, 11 young (22528K), 2 survivors (4096K)
 Metaspace       used 25775K, committed 25984K, reserved 1073152K
  class space    used 2943K, committed 3008K, reserved 1048576K
}
Event: 3.661 GC heap after
{Heap after GC invocations=9 (full 0):
 garbage-first heap   total 77824K, used 42963K [0x000000070a200000, 0x0000000800000000)
  region size 2048K, 2 young (4096K), 2 survivors (4096K)
 Metaspace       used 25775K, committed 25984K, reserved 1073152K
  class space    used 2943K, committed 3008K, reserved 1048576K
}
Event: 3.994 GC heap before
{Heap before GC invocations=9 (full 0):
 garbage-first heap   total 77824K, used 57299K [0x000000070a200000, 0x0000000800000000)
  region size 2048K, 9 young (18432K), 2 survivors (4096K)
 Metaspace       used 27061K, committed 27392K, reserved 1073152K
  class space    used 3106K, committed 3264K, reserved 1048576K
}
Event: 4.000 GC heap after
{Heap after GC invocations=10 (full 0):
 garbage-first heap   total 208896K, used 44093K [0x000000070a200000, 0x0000000800000000)
  region size 2048K, 1 young (2048K), 1 survivors (2048K)
 Metaspace       used 27061K, committed 27392K, reserved 1073152K
  class space    used 3106K, committed 3264K, reserved 1048576K
}
Event: 4.487 GC heap before
{Heap before GC invocations=11 (full 0):
 garbage-first heap   total 151552K, used 132157K [0x000000070a200000, 0x0000000800000000)
  region size 2048K, 29 young (59392K), 1 survivors (2048K)
 Metaspace       used 28187K, committed 28544K, reserved 1081344K
  class space    used 3208K, committed 3392K, reserved 1048576K
}
Event: 4.493 GC heap after
{Heap after GC invocations=12 (full 0):
 garbage-first heap   total 151552K, used 54119K [0x000000070a200000, 0x0000000800000000)
  region size 2048K, 5 young (10240K), 5 survivors (10240K)
 Metaspace       used 28187K, committed 28544K, reserved 1081344K
  class space    used 3208K, committed 3392K, reserved 1048576K
}
Event: 4.493 GC heap before
{Heap before GC invocations=12 (full 0):
 garbage-first heap   total 151552K, used 54119K [0x000000070a200000, 0x0000000800000000)
  region size 2048K, 6 young (12288K), 5 survivors (10240K)
 Metaspace       used 28187K, committed 28544K, reserved 1081344K
  class space    used 3208K, committed 3392K, reserved 1048576K
}
Event: 4.497 GC heap after
{Heap after GC invocations=13 (full 0):
 garbage-first heap   total 151552K, used 47595K [0x000000070a200000, 0x0000000800000000)
  region size 2048K, 1 young (2048K), 1 survivors (2048K)
 Metaspace       used 28187K, committed 28544K, reserved 1081344K
  class space    used 3208K, committed 3392K, reserved 1048576K
}
Event: 4.809 GC heap before
{Heap before GC invocations=13 (full 0):
 garbage-first heap   total 151552K, used 104939K [0x000000070a200000, 0x0000000800000000)
  region size 2048K, 30 young (61440K), 1 survivors (2048K)
 Metaspace       used 28364K, committed 28736K, reserved 1081344K
  class space    used 3215K, committed 3392K, reserved 1048576K
}
Event: 4.815 GC heap after
{Heap after GC invocations=14 (full 0):
 garbage-first heap   total 151552K, used 61213K [0x000000070a200000, 0x0000000800000000)
  region size 2048K, 4 young (8192K), 4 survivors (8192K)
 Metaspace       used 28364K, committed 28736K, reserved 1081344K
  class space    used 3215K, committed 3392K, reserved 1048576K
}
Event: 5.519 GC heap before
{Heap before GC invocations=14 (full 0):
 garbage-first heap   total 151552K, used 106269K [0x000000070a200000, 0x0000000800000000)
  region size 2048K, 27 young (55296K), 4 survivors (8192K)
 Metaspace       used 30465K, committed 30848K, reserved 1081344K
  class space    used 3453K, committed 3648K, reserved 1048576K
}

Deoptimization events (20 events):
Event: 5.494 Thread 0x0000015f6d3189c0 Uncommon trap: trap_request=0xffffff45 fr.pc=0x0000015f07d646f4 relative=0x0000000000000254
Event: 5.494 Thread 0x0000015f6d3189c0 Uncommon trap: reason=unstable_if action=reinterpret pc=0x0000015f07d646f4 method=java.util.regex.Matcher.match(II)Z @ 76 c2
Event: 5.494 Thread 0x0000015f6d3189c0 DEOPT PACKING pc=0x0000015f07d646f4 sp=0x000000156effbff0
Event: 5.494 Thread 0x0000015f6d3189c0 DEOPT UNPACKING pc=0x0000015f000523a3 sp=0x000000156effbf78 mode 2
Event: 5.496 Thread 0x0000015f6d3189c0 Uncommon trap: trap_request=0xffffff45 fr.pc=0x0000015f07d48130 relative=0x0000000000000290
Event: 5.496 Thread 0x0000015f6d3189c0 Uncommon trap: reason=unstable_if action=reinterpret pc=0x0000015f07d48130 method=java.util.regex.Matcher.reset()Ljava/util/regex/Matcher; @ 71 c2
Event: 5.496 Thread 0x0000015f6d3189c0 DEOPT PACKING pc=0x0000015f07d48130 sp=0x000000156effbf60
Event: 5.496 Thread 0x0000015f6d3189c0 DEOPT UNPACKING pc=0x0000015f000523a3 sp=0x000000156effbee8 mode 2
Event: 5.510 Thread 0x0000015f6d3189c0 Uncommon trap: trap_request=0xffffffc6 fr.pc=0x0000015f07f96128 relative=0x00000000000060a8
Event: 5.510 Thread 0x0000015f6d3189c0 Uncommon trap: reason=bimorphic_or_optimized_type_check action=maybe_recompile pc=0x0000015f07f96128 method=java.util.TimSort.countRunAndMakeAscending([Ljava/lang/Object;IILjava/util/Comparator;)I @ 43 c2
Event: 5.511 Thread 0x0000015f6d3189c0 DEOPT PACKING pc=0x0000015f07f96128 sp=0x000000156effca70
Event: 5.511 Thread 0x0000015f6d3189c0 DEOPT UNPACKING pc=0x0000015f000523a3 sp=0x000000156effc948 mode 2
Event: 5.511 Thread 0x0000015f6d3189c0 Uncommon trap: trap_request=0xffffffbe fr.pc=0x0000015f07cb33f0 relative=0x0000000000001e90
Event: 5.511 Thread 0x0000015f6d3189c0 Uncommon trap: reason=profile_predicate action=maybe_recompile pc=0x0000015f07cb33f0 method=java.util.TimSort.binarySort([Ljava/lang/Object;IIILjava/util/Comparator;)V @ 34 c2
Event: 5.511 Thread 0x0000015f6d3189c0 DEOPT PACKING pc=0x0000015f07cb33f0 sp=0x000000156effc920
Event: 5.511 Thread 0x0000015f6d3189c0 DEOPT UNPACKING pc=0x0000015f000523a3 sp=0x000000156effc928 mode 2
Event: 5.518 Thread 0x0000015f6d3189c0 Uncommon trap: trap_request=0xffffffc6 fr.pc=0x0000015f07f96128 relative=0x00000000000060a8
Event: 5.519 Thread 0x0000015f6d3189c0 Uncommon trap: reason=bimorphic_or_optimized_type_check action=maybe_recompile pc=0x0000015f07f96128 method=java.util.TimSort.countRunAndMakeAscending([Ljava/lang/Object;IILjava/util/Comparator;)I @ 43 c2
Event: 5.519 Thread 0x0000015f6d3189c0 DEOPT PACKING pc=0x0000015f07f96128 sp=0x000000156effca50
Event: 5.519 Thread 0x0000015f6d3189c0 DEOPT UNPACKING pc=0x0000015f000523a3 sp=0x000000156effc928 mode 2

Classes unloaded (0 events):
No events

Classes redefined (0 events):
No events

Internal exceptions (20 events):
Event: 4.856 Thread 0x0000015f6d3189c0 Exception <a 'sun/nio/fs/WindowsException'{0x0000000712e27920}> (0x0000000712e27920) 
thrown [t:\workspace\open\src\hotspot\share\prims\jni.cpp, line 516]
Event: 4.856 Thread 0x0000015f6d3189c0 Exception <a 'sun/nio/fs/WindowsException'{0x0000000712e29208}> (0x0000000712e29208) 
thrown [t:\workspace\open\src\hotspot\share\prims\jni.cpp, line 516]
Event: 4.856 Thread 0x0000015f6d3189c0 Exception <a 'sun/nio/fs/WindowsException'{0x0000000712e29590}> (0x0000000712e29590) 
thrown [t:\workspace\open\src\hotspot\share\prims\jni.cpp, line 516]
Event: 4.856 Thread 0x0000015f6d3189c0 Exception <a 'sun/nio/fs/WindowsException'{0x0000000712e2aaa8}> (0x0000000712e2aaa8) 
thrown [t:\workspace\open\src\hotspot\share\prims\jni.cpp, line 516]
Event: 4.856 Thread 0x0000015f6d3189c0 Exception <a 'sun/nio/fs/WindowsException'{0x0000000712e2ae90}> (0x0000000712e2ae90) 
thrown [t:\workspace\open\src\hotspot\share\prims\jni.cpp, line 516]
Event: 4.856 Thread 0x0000015f6d3189c0 Exception <a 'sun/nio/fs/WindowsException'{0x0000000712e2c3d0}> (0x0000000712e2c3d0) 
thrown [t:\workspace\open\src\hotspot\share\prims\jni.cpp, line 516]
Event: 4.856 Thread 0x0000015f6d3189c0 Exception <a 'sun/nio/fs/WindowsException'{0x0000000712e2c7e0}> (0x0000000712e2c7e0) 
thrown [t:\workspace\open\src\hotspot\share\prims\jni.cpp, line 516]
Event: 4.858 Thread 0x0000015f6d3189c0 Exception <a 'sun/nio/fs/WindowsException'{0x0000000712e3fd48}> (0x0000000712e3fd48) 
thrown [t:\workspace\open\src\hotspot\share\prims\jni.cpp, line 516]
Event: 4.858 Thread 0x0000015f6d3189c0 Exception <a 'sun/nio/fs/WindowsException'{0x0000000712e40128}> (0x0000000712e40128) 
thrown [t:\workspace\open\src\hotspot\share\prims\jni.cpp, line 516]
Event: 4.858 Thread 0x0000015f6d3189c0 Exception <a 'sun/nio/fs/WindowsException'{0x0000000712e43af0}> (0x0000000712e43af0) 
thrown [t:\workspace\open\src\hotspot\share\prims\jni.cpp, line 516]
Event: 4.858 Thread 0x0000015f6d3189c0 Exception <a 'sun/nio/fs/WindowsException'{0x0000000712e43e80}> (0x0000000712e43e80) 
thrown [t:\workspace\open\src\hotspot\share\prims\jni.cpp, line 516]
Event: 4.859 Thread 0x0000015f6d3189c0 Exception <a 'sun/nio/fs/WindowsException'{0x0000000712e4ac50}> (0x0000000712e4ac50) 
thrown [t:\workspace\open\src\hotspot\share\prims\jni.cpp, line 516]
Event: 4.859 Thread 0x0000015f6d3189c0 Exception <a 'sun/nio/fs/WindowsException'{0x0000000712e4b030}> (0x0000000712e4b030) 
thrown [t:\workspace\open\src\hotspot\share\prims\jni.cpp, line 516]
Event: 4.859 Thread 0x0000015f6d3189c0 Exception <a 'sun/nio/fs/WindowsException'{0x0000000712e4c590}> (0x0000000712e4c590) 
thrown [t:\workspace\open\src\hotspot\share\prims\jni.cpp, line 516]
Event: 4.859 Thread 0x0000015f6d3189c0 Exception <a 'sun/nio/fs/WindowsException'{0x0000000712e4c9d0}> (0x0000000712e4c9d0) 
thrown [t:\workspace\open\src\hotspot\share\prims\jni.cpp, line 516]
Event: 4.859 Thread 0x0000015f6d3189c0 Exception <a 'sun/nio/fs/WindowsException'{0x0000000712e4df48}> (0x0000000712e4df48) 
thrown [t:\workspace\open\src\hotspot\share\prims\jni.cpp, line 516]
Event: 4.859 Thread 0x0000015f6d3189c0 Exception <a 'sun/nio/fs/WindowsException'{0x0000000712e4e3b0}> (0x0000000712e4e3b0) 
thrown [t:\workspace\open\src\hotspot\share\prims\jni.cpp, line 516]
Event: 4.928 Thread 0x0000015f6d3189c0 Implicit null exception at 0x0000015f07cff330 to 0x0000015f07cff788
Event: 4.940 Thread 0x0000015f6d3189c0 Implicit null exception at 0x0000015f07d9076b to 0x0000015f07d90950
Event: 5.382 Thread 0x0000015f6d3189c0 Implicit null exception at 0x0000015f07ecc12c to 0x0000015f07ecca0b

VM Operations (20 events):
Event: 4.000 Executing VM operation: G1CollectForAllocation done
Event: 4.014 Executing VM operation: G1Concurrent
Event: 4.019 Executing VM operation: G1Concurrent done
Event: 4.025 Executing VM operation: G1Concurrent
Event: 4.026 Executing VM operation: G1Concurrent done
Event: 4.202 Executing VM operation: HandshakeAllThreads
Event: 4.202 Executing VM operation: HandshakeAllThreads done
Event: 4.448 Executing VM operation: HandshakeAllThreads
Event: 4.448 Executing VM operation: HandshakeAllThreads done
Event: 4.487 Executing VM operation: G1CollectForAllocation
Event: 4.493 Executing VM operation: G1CollectForAllocation done
Event: 4.493 Executing VM operation: G1CollectForAllocation
Event: 4.497 Executing VM operation: G1CollectForAllocation done
Event: 4.809 Executing VM operation: G1CollectForAllocation
Event: 4.815 Executing VM operation: G1CollectForAllocation done
Event: 5.441 Executing VM operation: ICBufferFull
Event: 5.441 Executing VM operation: ICBufferFull done
Event: 5.466 Executing VM operation: HandshakeAllThreads
Event: 5.466 Executing VM operation: HandshakeAllThreads done
Event: 5.519 Executing VM operation: G1CollectForAllocation

Events (20 events):
Event: 5.178 loading class java/io/PushbackInputStream
Event: 5.178 loading class java/io/PushbackInputStream done
Event: 5.218 Thread 0x0000015f14436cd0 Thread exited: 0x0000015f14436cd0
Event: 5.304 loading class java/util/Collections$UnmodifiableSortedSet
Event: 5.304 Thread 0x0000015f144126d0 Thread exited: 0x0000015f144126d0
Event: 5.304 loading class java/util/Collections$UnmodifiableSortedSet done
Event: 5.309 loading class java/util/IdentityHashMap$EntrySet
Event: 5.309 loading class java/util/IdentityHashMap$EntrySet done
Event: 5.309 loading class java/util/IdentityHashMap$EntryIterator
Event: 5.309 loading class java/util/IdentityHashMap$EntryIterator done
Event: 5.309 loading class java/util/IdentityHashMap$EntryIterator$Entry
Event: 5.309 loading class java/util/IdentityHashMap$EntryIterator$Entry done
Event: 5.393 loading class java/util/regex/Pattern$SliceI
Event: 5.393 loading class java/util/regex/Pattern$SliceI done
Event: 5.420 loading class java/util/regex/Pattern$Loop
Event: 5.421 loading class java/util/regex/Pattern$Loop done
Event: 5.421 loading class java/util/regex/Pattern$Prolog
Event: 5.421 loading class java/util/regex/Pattern$Prolog done
Event: 5.465 loading class java/util/regex/Pattern$LazyLoop
Event: 5.466 loading class java/util/regex/Pattern$LazyLoop done


Dynamic libraries:
0x00007ff73eee0000 - 0x00007ff73eeee000 	C:\Users\dlatf\.jdks\openjdk-17.0.1\bin\java.exe
0x00007ffac6f90000 - 0x00007ffac7188000 	C:\WINDOWS\SYSTEM32\ntdll.dll
0x00007ffac6840000 - 0x00007ffac6902000 	C:\WINDOWS\System32\KERNEL32.DLL
0x00007ffac4a30000 - 0x00007ffac4d2e000 	C:\WINDOWS\System32\KERNELBASE.dll
0x00007ffac4d30000 - 0x00007ffac4e30000 	C:\WINDOWS\System32\ucrtbase.dll
0x00007ffabfc90000 - 0x00007ffabfca8000 	C:\Users\dlatf\.jdks\openjdk-17.0.1\bin\jli.dll
0x00007ffabcf00000 - 0x00007ffabcf1a000 	C:\Users\dlatf\.jdks\openjdk-17.0.1\bin\VCRUNTIME140.dll
0x00007ffac6620000 - 0x00007ffac67bd000 	C:\WINDOWS\System32\USER32.dll
0x00007ffac4e30000 - 0x00007ffac4e52000 	C:\WINDOWS\System32\win32u.dll
0x00007ffac39f0000 - 0x00007ffac3c8a000 	C:\WINDOWS\WinSxS\amd64_microsoft.windows.common-controls_6595b64144ccf1df_6.0.19041.4355_none_60b8b9eb71f62e16\COMCTL32.dll
0x00007ffac6180000 - 0x00007ffac61ab000 	C:\WINDOWS\System32\GDI32.dll
0x00007ffac4e60000 - 0x00007ffac4f77000 	C:\WINDOWS\System32\gdi32full.dll
0x00007ffac4ff0000 - 0x00007ffac508e000 	C:\WINDOWS\System32\msvcrt.dll
0x00007ffac4990000 - 0x00007ffac4a2d000 	C:\WINDOWS\System32\msvcp_win.dll
0x00007ffac4fb0000 - 0x00007ffac4fdf000 	C:\WINDOWS\System32\IMM32.DLL
0x00007ffabcef0000 - 0x00007ffabcefc000 	C:\Users\dlatf\.jdks\openjdk-17.0.1\bin\vcruntime140_1.dll
0x00007ffaa8340000 - 0x00007ffaa83cd000 	C:\Users\dlatf\.jdks\openjdk-17.0.1\bin\msvcp140.dll
0x00007ffa72570000 - 0x00007ffa7312e000 	C:\Users\dlatf\.jdks\openjdk-17.0.1\bin\server\jvm.dll
0x00007ffac6de0000 - 0x00007ffac6e92000 	C:\WINDOWS\System32\ADVAPI32.dll
0x00007ffac69e0000 - 0x00007ffac6a80000 	C:\WINDOWS\System32\sechost.dll
0x00007ffac6360000 - 0x00007ffac6483000 	C:\WINDOWS\System32\RPCRT4.dll
0x00007ffac4f80000 - 0x00007ffac4fa7000 	C:\WINDOWS\System32\bcrypt.dll
0x00007ffac4fe0000 - 0x00007ffac4fe8000 	C:\WINDOWS\System32\PSAPI.DLL
0x00007ffab96c0000 - 0x00007ffab96e7000 	C:\WINDOWS\SYSTEM32\WINMM.dll
0x00007ffabceb0000 - 0x00007ffabceba000 	C:\WINDOWS\SYSTEM32\VERSION.dll
0x00007ffaa1940000 - 0x00007ffaa1949000 	C:\WINDOWS\SYSTEM32\WSOCK32.dll
0x00007ffac67d0000 - 0x00007ffac683b000 	C:\WINDOWS\System32\WS2_32.dll
0x00007ffac1df0000 - 0x00007ffac1e02000 	C:\WINDOWS\SYSTEM32\kernel.appcore.dll
0x00007ffabbdf0000 - 0x00007ffabbdfa000 	C:\Users\dlatf\.jdks\openjdk-17.0.1\bin\jimage.dll
0x00007ffac4030000 - 0x00007ffac4214000 	C:\WINDOWS\SYSTEM32\DBGHELP.DLL
0x00007ffac3dc0000 - 0x00007ffac3df4000 	C:\WINDOWS\SYSTEM32\dbgcore.DLL
0x00007ffac4850000 - 0x00007ffac48d2000 	C:\WINDOWS\System32\bcryptPrimitives.dll
0x00007ffabfbb0000 - 0x00007ffabfbbe000 	C:\Users\dlatf\.jdks\openjdk-17.0.1\bin\instrument.dll
0x00007ffab14b0000 - 0x00007ffab14d5000 	C:\Users\dlatf\.jdks\openjdk-17.0.1\bin\java.dll
0x00007ffa7ddc0000 - 0x00007ffa7de96000 	C:\Users\dlatf\.jdks\openjdk-17.0.1\bin\svml.dll
0x00007ffac5090000 - 0x00007ffac57ff000 	C:\WINDOWS\System32\SHELL32.dll
0x00007ffac1ff0000 - 0x00007ffac2794000 	C:\WINDOWS\SYSTEM32\windows.storage.dll
0x00007ffac6a80000 - 0x00007ffac6dd3000 	C:\WINDOWS\System32\combase.dll
0x00007ffac3950000 - 0x00007ffac397e000 	C:\WINDOWS\SYSTEM32\Wldp.dll
0x00007ffac6910000 - 0x00007ffac69dd000 	C:\WINDOWS\System32\OLEAUT32.dll
0x00007ffac58d0000 - 0x00007ffac597d000 	C:\WINDOWS\System32\SHCORE.dll
0x00007ffac5810000 - 0x00007ffac5865000 	C:\WINDOWS\System32\shlwapi.dll
0x00007ffac4560000 - 0x00007ffac4584000 	C:\WINDOWS\SYSTEM32\profapi.dll
0x00007ffaaa530000 - 0x00007ffaaa548000 	C:\Users\dlatf\.jdks\openjdk-17.0.1\bin\zip.dll
0x00007ffaafe10000 - 0x00007ffaafe29000 	C:\Users\dlatf\.jdks\openjdk-17.0.1\bin\net.dll
0x00007ffabc330000 - 0x00007ffabc43d000 	C:\WINDOWS\SYSTEM32\WINHTTP.dll
0x00007ffac3630000 - 0x00007ffac369a000 	C:\WINDOWS\system32\mswsock.dll
0x00007ffaaa9c0000 - 0x00007ffaaa9d5000 	C:\Users\dlatf\.jdks\openjdk-17.0.1\bin\nio.dll
0x00007ffab7580000 - 0x00007ffab759a000 	D:\IntelliJ IDEA 2024.1\bin\breakgen64.dll
0x0000000069ac0000 - 0x0000000069ae4000 	C:\Users\dlatf\AppData\Local\Temp\jansi-2.4.0-fcb53f1c07ac195-jansi.dll
0x00007ffabfba0000 - 0x00007ffabfbb0000 	C:\Users\dlatf\.jdks\openjdk-17.0.1\bin\verify.dll

dbghelp: loaded successfully - version: 4.0.5 - missing functions: none
symbol engine: initialized successfully - sym options: 0x614 - pdb path: .;C:\Users\dlatf\.jdks\openjdk-17.0.1\bin;C:\WINDOWS\SYSTEM32;C:\WINDOWS\WinSxS\amd64_microsoft.windows.common-controls_6595b64144ccf1df_6.0.19041.4355_none_60b8b9eb71f62e16;C:\Users\dlatf\.jdks\openjdk-17.0.1\bin\server;D:\IntelliJ IDEA 2024.1\bin;C:\Users\dlatf\AppData\Local\Temp

VM Arguments:
jvm_args: -Dmaven.multiModuleProjectDirectory=C:\Users\dlatf\OneDrive\Desktop\DatTechnologies\payment-api -Djansi.passthrough=true -Dmaven.home=C:\Users\dlatf\.m2\wrapper\dists\apache-maven-3.9.4-bin\2vqnav6ufo1qvo5j2um40861m\apache-maven-3.9.4 -Dclassworlds.conf=C:\Users\dlatf\.m2\wrapper\dists\apache-maven-3.9.4-bin\2vqnav6ufo1qvo5j2um40861m\apache-maven-3.9.4\bin\m2.conf -Dmaven.ext.class.path=D:\IntelliJ IDEA 2024.1\plugins\maven\lib\maven-event-listener.jar -javaagent:D:\IntelliJ IDEA 2024.1\lib\idea_rt.jar=52645:D:\IntelliJ IDEA 2024.1\bin -Dfile.encoding=UTF-8 
java_command: org.codehaus.classworlds.Launcher -Didea.version=2024.1 compile
java_class_path (initial): C:\Users\dlatf\.m2\wrapper\dists\apache-maven-3.9.4-bin\2vqnav6ufo1qvo5j2um40861m\apache-maven-3.9.4\boot\plexus-classworlds-2.7.0.jar;C:\Users\dlatf\.m2\wrapper\dists\apache-maven-3.9.4-bin\2vqnav6ufo1qvo5j2um40861m\apache-maven-3.9.4\boot\plexus-classworlds.license
Launcher Type: SUN_STANDARD

[Global flags]
     intx CICompilerCount                          = 12                                        {product} {ergonomic}
     uint ConcGCThreads                            = 3                                         {product} {ergonomic}
     uint G1ConcRefinementThreads                  = 13                                        {product} {ergonomic}
   size_t G1HeapRegionSize                         = 2097152                                   {product} {ergonomic}
    uintx GCDrainStackTargetSize                   = 64                                        {product} {ergonomic}
   size_t InitialHeapSize                          = 257949696                                 {product} {ergonomic}
   size_t MarkStackSize                            = 4194304                                   {product} {ergonomic}
   size_t MaxHeapSize                              = 4125097984                                {product} {ergonomic}
   size_t MaxNewSize                               = 2474639360                                {product} {ergonomic}
   size_t MinHeapDeltaBytes                        = 2097152                                   {product} {ergonomic}
   size_t MinHeapSize                              = 8388608                                   {product} {ergonomic}
    uintx NonNMethodCodeHeapSize                   = 7602480                                {pd product} {ergonomic}
    uintx NonProfiledCodeHeapSize                  = 122027880                              {pd product} {ergonomic}
    uintx ProfiledCodeHeapSize                     = 122027880                              {pd product} {ergonomic}
    uintx ReservedCodeCacheSize                    = 251658240                              {pd product} {ergonomic}
     bool SegmentedCodeCache                       = true                                      {product} {ergonomic}
   size_t SoftMaxHeapSize                          = 4125097984                             {manageable} {ergonomic}
     bool UseCompressedClassPointers               = true                           {product lp64_product} {ergonomic}
     bool UseCompressedOops                        = true                           {product lp64_product} {ergonomic}
     bool UseG1GC                                  = true                                      {product} {ergonomic}
     bool UseLargePagesIndividualAllocation        = false                                  {pd product} {ergonomic}

Logging:
Log output configuration:
 #0: stdout all=warning uptime,level,tags
 #1: stderr all=off uptime,level,tags

Environment Variables:
JAVA_HOME=C:\Program Files\Java\jdk-21
PATH=C:\Users\dlatf\AppData\Local\Programs\Python\Python312\Scripts\;C:\Users\dlatf\AppData\Local\Programs\Python\Python312\;C:\Program Files\Common Files\Oracle\Java\javapath;C:\Program Files (x86)\VMware\VMware Workstation\bin\;C:\WINDOWS\system32;C:\WINDOWS;C:\WINDOWS\System32\Wbem;C:\WINDOWS\System32\WindowsPowerShell\v1.0\;C:\WINDOWS\System32\OpenSSH\;C:\Program Files\PuTTY\;C:\Program Files\Git\cmd;C:\Program Files\Java\jdk-21\bin;C:\Users\dlatf\AppData\Local\Programs\Python\Python310\python.exe;D:\Spark\spark-3.5.0-bin-hadoop3;%HADOOP_HOME%\BIN\WINUTILS.EXE;C:\Program Files\poppler-24.02.0\Library\bin;C:\Program Files\Docker\Docker\resources\bin;C:\Program Files\apache-maven-3.9.7\bin;D:\BaseX\bin;D:\nodejs\;C:\ProgramData\chocolatey\bin;C:\Users\dlatf\scoop\shims;C:\Users\dlatf\AppData\Local\Programs\Python\Launcher\;C:\Users\dlatf\AppData\Roaming\Microsoft\Windows\Start Menu\Programs\Python 3.10;D:\Microsoft VS Code\bin;D:\Spark\spark-3.5.0-bin-hadoop3\bin;C:\Program Files\Java\jdk-21\bin;%HADOOP_HOME%\BIN\WINUTILS.EXE;C:\Program Files\poppler-24.02.0\Library\bin;C:\Users\dlatf\AppData\Local\Microsoft\WindowsApps;D:\Docker Toolbox;D:\IntelliJ IDEA 2024.1\bin;;C:\Users\dlatf\OneDrive\Desktop\mongosh-2.3.1-win32-x64\bin;C:\Program Files\MongoDB\Server\7.0\bin;D:\heroku\bin;C:\Users\dlatf\AppData\Roaming\npm;C:\Program Files\OpenSSL-Win64\bin
USERNAME=Damirok
OS=Windows_NT
PROCESSOR_IDENTIFIER=AMD64 Family 23 Model 96 Stepping 1, AuthenticAMD



---------------  S Y S T E M  ---------------

OS:
 Windows 10 , 64 bit Build 19041 (10.0.19041.4957)
OS uptime: 0 days 3:56 hours
Hyper-V role detected

CPU: total 16 (initial active 16) (16 cores per cpu, 2 threads per core) family 23 model 96 stepping 1 microcode 0x0, cx8, cmov, fxsr, ht, mmx, 3dnowpref, sse, sse2, sse3, ssse3, sse4a, sse4.1, sse4.2, popcnt, lzcnt, tsc, tscinvbit, avx, avx2, aes, clmul, bmi1, bmi2, adx, sha, fma, vzeroupper, clflush, clflushopt, hv

Memory: 4k page, system-wide physical 15732M (4404M free)
TotalPageFile size 17780M (AvailPageFile size 105M)
current process WorkingSet (physical memory assigned to process): 303M, peak: 350M
current process commit charge ("private bytes"): 453M, peak: 608M

vm_info: OpenJDK 64-Bit Server VM (17.0.1+12-39) for windows-amd64 JRE (17.0.1+12-39), built on Sep 27 2021 18:39:29 by "mach5one" with MS VC++ 16.8 (VS2019)

END.
