#
# There is insufficient memory for the Java Runtime Environment to continue.
# Native memory allocation (malloc) failed to allocate 146416 bytes for Chunk::new
# Possible reasons:
#   The system is out of physical RAM or swap space
#   The process is running with CompressedOops enabled, and the Java Heap may be blocking the growth of the native heap
# Possible solutions:
#   Reduce memory load on the system
#   Increase physical memory or swap space
#   Check if swap backing store is full
#   Decrease Java heap size (-Xmx/-Xms)
#   Decrease number of Java threads
#   Decrease Java thread stack sizes (-Xss)
#   Set larger code cache with -XX:ReservedCodeCacheSize=
#   JVM is running with Zero Based Compressed Oops mode in which the Java heap is
#     placed in the first 32GB address space. The Java Heap base address is the
#     maximum limit for the native heap growth. Please use -XX:HeapBaseMinAddress
#     to set the Java Heap base and to place the Java Heap above 32GB virtual address.
# This output file may be truncated or incomplete.
#
#  Out of Memory Error (arena.cpp:189), pid=3284, tid=1468
#
# JRE version: OpenJDK Runtime Environment (17.0.1+12) (build 17.0.1+12-39)
# Java VM: OpenJDK 64-Bit Server VM (17.0.1+12-39, mixed mode, sharing, tiered, compressed oops, compressed class ptrs, g1 gc, windows-amd64)
# No core dump will be written. Minidumps are not enabled by default on client versions of Windows
#

---------------  S U M M A R Y ------------

Command Line: -Dmaven.multiModuleProjectDirectory=C:\Users\dlatf\OneDrive\Desktop\DatTechnologies\payment-api -Djansi.passthrough=true -Dmaven.home=C:\Users\dlatf\.m2\wrapper\dists\apache-maven-3.9.4-bin\2vqnav6ufo1qvo5j2um40861m\apache-maven-3.9.4 -Dclassworlds.conf=C:\Users\dlatf\.m2\wrapper\dists\apache-maven-3.9.4-bin\2vqnav6ufo1qvo5j2um40861m\apache-maven-3.9.4\bin\m2.conf -Dmaven.ext.class.path=D:\IntelliJ IDEA 2024.1\plugins\maven\lib\maven-event-listener.jar -javaagent:D:\IntelliJ IDEA 2024.1\lib\idea_rt.jar=52641:D:\IntelliJ IDEA 2024.1\bin -Dfile.encoding=UTF-8 org.codehaus.classworlds.Launcher -Didea.version=2024.1 compile

Host: AMD Ryzen 7 4800H with Radeon Graphics         , 16 cores, 15G,  Windows 10 , 64 bit Build 19041 (10.0.19041.4957)
Time: Tue Nov 12 22:38:43 2024  Windows 10 , 64 bit Build 19041 (10.0.19041.4957) elapsed time: 0.112226 seconds (0d 0h 0m 0s)

---------------  T H R E A D  ---------------

Current thread (0x000001f1ffd71dd0):  JavaThread "C2 CompilerThread0" daemon [_thread_in_native, id=1468, stack(0x0000005c75000000,0x0000005c75100000)]


Current CompileTask:
C2:    112  287       4       java.util.HashMap::putVal (300 bytes)

Stack: [0x0000005c75000000,0x0000005c75100000]
Native frames: (J=compiled Java code, j=interpreted, Vv=VM code, C=native code)
V  [jvm.dll+0x66fa1a]
V  [jvm.dll+0x7ce5a4]
V  [jvm.dll+0x7cfd4e]
V  [jvm.dll+0x7d03b3]
V  [jvm.dll+0x242b05]
V  [jvm.dll+0xaa05b]
V  [jvm.dll+0xaa5ec]
V  [jvm.dll+0x35f9b2]
V  [jvm.dll+0x329f51]
V  [jvm.dll+0x3293fa]
V  [jvm.dll+0x215bf1]
V  [jvm.dll+0x215011]
V  [jvm.dll+0x1a168d]
V  [jvm.dll+0x224848]
V  [jvm.dll+0x2229ac]
V  [jvm.dll+0x78435b]
V  [jvm.dll+0x77e91a]
V  [jvm.dll+0x66e845]
C  [ucrtbase.dll+0x21bb2]
C  [KERNEL32.DLL+0x17374]
C  [ntdll.dll+0x4cc91]


---------------  P R O C E S S  ---------------

Threads class SMR info:
_java_thread_list=0x000001f197917460, length=16, elements={
0x000001f1ffd53de0, 0x000001f1ffd54a50, 0x000001f1ffd6f330, 0x000001f1ffd6fce0,
0x000001f1ffd70690, 0x000001f1ffd71040, 0x000001f1ffd71dd0, 0x000001f1ffd72870,
0x000001f1ffd77280, 0x000001f1975c7410, 0x000001f197604950, 0x000001f197605470,
0x000001f19765a810, 0x000001f1976b6670, 0x000001f1976b6b40, 0x000001f1f3626d00
}

Java Threads: ( => current thread )
  0x000001f1ffd53de0 JavaThread "Reference Handler" daemon [_thread_blocked, id=20540, stack(0x0000005c74a00000,0x0000005c74b00000)]
  0x000001f1ffd54a50 JavaThread "Finalizer" daemon [_thread_blocked, id=21904, stack(0x0000005c74b00000,0x0000005c74c00000)]
  0x000001f1ffd6f330 JavaThread "Signal Dispatcher" daemon [_thread_blocked, id=6756, stack(0x0000005c74c00000,0x0000005c74d00000)]
  0x000001f1ffd6fce0 JavaThread "Attach Listener" daemon [_thread_blocked, id=19364, stack(0x0000005c74d00000,0x0000005c74e00000)]
  0x000001f1ffd70690 JavaThread "Service Thread" daemon [_thread_blocked, id=14636, stack(0x0000005c74e00000,0x0000005c74f00000)]
  0x000001f1ffd71040 JavaThread "Monitor Deflation Thread" daemon [_thread_blocked, id=21968, stack(0x0000005c74f00000,0x0000005c75000000)]
=>0x000001f1ffd71dd0 JavaThread "C2 CompilerThread0" daemon [_thread_in_native, id=1468, stack(0x0000005c75000000,0x0000005c75100000)]
  0x000001f1ffd72870 JavaThread "C1 CompilerThread0" daemon [_thread_blocked, id=14300, stack(0x0000005c75100000,0x0000005c75200000)]
  0x000001f1ffd77280 JavaThread "Sweeper thread" daemon [_thread_blocked, id=15244, stack(0x0000005c75200000,0x0000005c75300000)]
  0x000001f1975c7410 JavaThread "Common-Cleaner" daemon [_thread_blocked, id=3208, stack(0x0000005c75300000,0x0000005c75400000)]
  0x000001f197604950 JavaThread "C1 CompilerThread1" daemon [_thread_blocked, id=20468, stack(0x0000005c75400000,0x0000005c75500000)]
  0x000001f197605470 JavaThread "C1 CompilerThread2" daemon [_thread_blocked, id=15724, stack(0x0000005c75500000,0x0000005c75600000)]
  0x000001f19765a810 JavaThread "C2 CompilerThread1" daemon [_thread_in_native, id=4948, stack(0x0000005c75600000,0x0000005c75700000)]
  0x000001f1976b6670 JavaThread "Monitor Ctrl-Break" daemon [_thread_in_native, id=11072, stack(0x0000005c75700000,0x0000005c75800000)]
  0x000001f1976b6b40 JavaThread "Notification Thread" daemon [_thread_blocked, id=3924, stack(0x0000005c75800000,0x0000005c75900000)]
  0x000001f1f3626d00 JavaThread "DestroyJavaVM" [_thread_blocked, id=11588, stack(0x0000005c74300000,0x0000005c74400000)]

Other Threads:
  0x000001f1ffd502f0 VMThread "VM Thread" [stack: 0x0000005c74900000,0x0000005c74a00000] [id=14252]
  0x000001f1f3697580 WatcherThread [stack: 0x0000005c75900000,0x0000005c75a00000] [id=4940]
  0x000001f1f3679380 GCTaskThread "GC Thread#0" [stack: 0x0000005c74400000,0x0000005c74500000] [id=2780]
  0x000001f1f3689890 ConcurrentGCThread "G1 Main Marker" [stack: 0x0000005c74500000,0x0000005c74600000] [id=5160]
  0x000001f1f368a2a0 ConcurrentGCThread "G1 Conc#0" [stack: 0x0000005c74600000,0x0000005c74700000] [id=5416]
  0x000001f1ffc120d0 ConcurrentGCThread "G1 Refine#0" [stack: 0x0000005c74700000,0x0000005c74800000] [id=15496]
  0x000001f1ffc129f0 ConcurrentGCThread "G1 Service" [stack: 0x0000005c74800000,0x0000005c74900000] [id=12852]

Threads with active compile tasks:
C2 CompilerThread0      126  287       4       java.util.HashMap::putVal (300 bytes)
C2 CompilerThread1      126  305   !   4       java.util.zip.ZipFile$Source::checkAndAddEntry (209 bytes)

VM state: not at safepoint (normal execution)

VM Mutex/Monitor currently owned by a thread: None

OutOfMemory and StackOverflow Exception counts:
OutOfMemoryError java_heap_errors=1
LinkageErrors=3

Heap address: 0x000000070a200000, size: 3934 MB, Compressed Oops mode: Zero based, Oop shift amount: 3

CDS archive(s) mapped at: [0x0000000800000000-0x0000000800bc0000-0x0000000800bc0000), size 12320768, SharedBaseAddress: 0x0000000800000000, ArchiveRelocationMode: 0.
Compressed class space mapped at: 0x0000000800c00000-0x0000000840c00000, reserved size: 1073741824
Narrow klass base: 0x0000000800000000, Narrow klass shift: 0, Narrow klass range: 0x100000000

GC Precious Log:
 CPUs: 16 total, 16 available
 Memory: 15732M
 Large Page Support: Disabled
 NUMA Support: Disabled
 Compressed Oops: Enabled (Zero based)
 Heap Region Size: 2M
 Heap Min Capacity: 8M
 Heap Initial Capacity: 246M
 Heap Max Capacity: 3934M
 Pre-touch: Disabled
 Parallel Workers: 13
 Concurrent Workers: 3
 Concurrent Refinement Workers: 13
 Periodic GC: Disabled

Heap:
 garbage-first heap   total 251904K, used 4096K [0x000000070a200000, 0x0000000800000000)
  region size 2048K, 3 young (6144K), 0 survivors (0K)
 Metaspace       used 1139K, committed 1344K, reserved 1056768K
  class space    used 97K, committed 192K, reserved 1048576K

Heap Regions: E=young(eden), S=young(survivor), O=old, HS=humongous(starts), HC=humongous(continues), CS=collection set, F=free, OA=open archive, CA=closed archive, TAMS=top-at-mark-start (previous, next)
|   0|0x000000070a200000, 0x000000070a200000, 0x000000070a400000|  0%| F|  |TAMS 0x000000070a200000, 0x000000070a200000| Untracked 
|   1|0x000000070a400000, 0x000000070a400000, 0x000000070a600000|  0%| F|  |TAMS 0x000000070a400000, 0x000000070a400000| Untracked 
|   2|0x000000070a600000, 0x000000070a600000, 0x000000070a800000|  0%| F|  |TAMS 0x000000070a600000, 0x000000070a600000| Untracked 
|   3|0x000000070a800000, 0x000000070a800000, 0x000000070aa00000|  0%| F|  |TAMS 0x000000070a800000, 0x000000070a800000| Untracked 
|   4|0x000000070aa00000, 0x000000070aa00000, 0x000000070ac00000|  0%| F|  |TAMS 0x000000070aa00000, 0x000000070aa00000| Untracked 
|   5|0x000000070ac00000, 0x000000070ac00000, 0x000000070ae00000|  0%| F|  |TAMS 0x000000070ac00000, 0x000000070ac00000| Untracked 
|   6|0x000000070ae00000, 0x000000070ae00000, 0x000000070b000000|  0%| F|  |TAMS 0x000000070ae00000, 0x000000070ae00000| Untracked 
|   7|0x000000070b000000, 0x000000070b000000, 0x000000070b200000|  0%| F|  |TAMS 0x000000070b000000, 0x000000070b000000| Untracked 
|   8|0x000000070b200000, 0x000000070b200000, 0x000000070b400000|  0%| F|  |TAMS 0x000000070b200000, 0x000000070b200000| Untracked 
|   9|0x000000070b400000, 0x000000070b400000, 0x000000070b600000|  0%| F|  |TAMS 0x000000070b400000, 0x000000070b400000| Untracked 
|  10|0x000000070b600000, 0x000000070b600000, 0x000000070b800000|  0%| F|  |TAMS 0x000000070b600000, 0x000000070b600000| Untracked 
|  11|0x000000070b800000, 0x000000070b800000, 0x000000070ba00000|  0%| F|  |TAMS 0x000000070b800000, 0x000000070b800000| Untracked 
|  12|0x000000070ba00000, 0x000000070ba00000, 0x000000070bc00000|  0%| F|  |TAMS 0x000000070ba00000, 0x000000070ba00000| Untracked 
|  13|0x000000070bc00000, 0x000000070bc00000, 0x000000070be00000|  0%| F|  |TAMS 0x000000070bc00000, 0x000000070bc00000| Untracked 
|  14|0x000000070be00000, 0x000000070be00000, 0x000000070c000000|  0%| F|  |TAMS 0x000000070be00000, 0x000000070be00000| Untracked 
|  15|0x000000070c000000, 0x000000070c000000, 0x000000070c200000|  0%| F|  |TAMS 0x000000070c000000, 0x000000070c000000| Untracked 
|  16|0x000000070c200000, 0x000000070c200000, 0x000000070c400000|  0%| F|  |TAMS 0x000000070c200000, 0x000000070c200000| Untracked 
|  17|0x000000070c400000, 0x000000070c400000, 0x000000070c600000|  0%| F|  |TAMS 0x000000070c400000, 0x000000070c400000| Untracked 
|  18|0x000000070c600000, 0x000000070c600000, 0x000000070c800000|  0%| F|  |TAMS 0x000000070c600000, 0x000000070c600000| Untracked 
|  19|0x000000070c800000, 0x000000070c800000, 0x000000070ca00000|  0%| F|  |TAMS 0x000000070c800000, 0x000000070c800000| Untracked 
|  20|0x000000070ca00000, 0x000000070ca00000, 0x000000070cc00000|  0%| F|  |TAMS 0x000000070ca00000, 0x000000070ca00000| Untracked 
|  21|0x000000070cc00000, 0x000000070cc00000, 0x000000070ce00000|  0%| F|  |TAMS 0x000000070cc00000, 0x000000070cc00000| Untracked 
|  22|0x000000070ce00000, 0x000000070ce00000, 0x000000070d000000|  0%| F|  |TAMS 0x000000070ce00000, 0x000000070ce00000| Untracked 
|  23|0x000000070d000000, 0x000000070d000000, 0x000000070d200000|  0%| F|  |TAMS 0x000000070d000000, 0x000000070d000000| Untracked 
|  24|0x000000070d200000, 0x000000070d200000, 0x000000070d400000|  0%| F|  |TAMS 0x000000070d200000, 0x000000070d200000| Untracked 
|  25|0x000000070d400000, 0x000000070d400000, 0x000000070d600000|  0%| F|  |TAMS 0x000000070d400000, 0x000000070d400000| Untracked 
|  26|0x000000070d600000, 0x000000070d600000, 0x000000070d800000|  0%| F|  |TAMS 0x000000070d600000, 0x000000070d600000| Untracked 
|  27|0x000000070d800000, 0x000000070d800000, 0x000000070da00000|  0%| F|  |TAMS 0x000000070d800000, 0x000000070d800000| Untracked 
|  28|0x000000070da00000, 0x000000070da00000, 0x000000070dc00000|  0%| F|  |TAMS 0x000000070da00000, 0x000000070da00000| Untracked 
|  29|0x000000070dc00000, 0x000000070dc00000, 0x000000070de00000|  0%| F|  |TAMS 0x000000070dc00000, 0x000000070dc00000| Untracked 
|  30|0x000000070de00000, 0x000000070de00000, 0x000000070e000000|  0%| F|  |TAMS 0x000000070de00000, 0x000000070de00000| Untracked 
|  31|0x000000070e000000, 0x000000070e000000, 0x000000070e200000|  0%| F|  |TAMS 0x000000070e000000, 0x000000070e000000| Untracked 
|  32|0x000000070e200000, 0x000000070e200000, 0x000000070e400000|  0%| F|  |TAMS 0x000000070e200000, 0x000000070e200000| Untracked 
|  33|0x000000070e400000, 0x000000070e400000, 0x000000070e600000|  0%| F|  |TAMS 0x000000070e400000, 0x000000070e400000| Untracked 
|  34|0x000000070e600000, 0x000000070e600000, 0x000000070e800000|  0%| F|  |TAMS 0x000000070e600000, 0x000000070e600000| Untracked 
|  35|0x000000070e800000, 0x000000070e800000, 0x000000070ea00000|  0%| F|  |TAMS 0x000000070e800000, 0x000000070e800000| Untracked 
|  36|0x000000070ea00000, 0x000000070ea00000, 0x000000070ec00000|  0%| F|  |TAMS 0x000000070ea00000, 0x000000070ea00000| Untracked 
|  37|0x000000070ec00000, 0x000000070ec00000, 0x000000070ee00000|  0%| F|  |TAMS 0x000000070ec00000, 0x000000070ec00000| Untracked 
|  38|0x000000070ee00000, 0x000000070ee00000, 0x000000070f000000|  0%| F|  |TAMS 0x000000070ee00000, 0x000000070ee00000| Untracked 
|  39|0x000000070f000000, 0x000000070f000000, 0x000000070f200000|  0%| F|  |TAMS 0x000000070f000000, 0x000000070f000000| Untracked 
|  40|0x000000070f200000, 0x000000070f200000, 0x000000070f400000|  0%| F|  |TAMS 0x000000070f200000, 0x000000070f200000| Untracked 
|  41|0x000000070f400000, 0x000000070f400000, 0x000000070f600000|  0%| F|  |TAMS 0x000000070f400000, 0x000000070f400000| Untracked 
|  42|0x000000070f600000, 0x000000070f600000, 0x000000070f800000|  0%| F|  |TAMS 0x000000070f600000, 0x000000070f600000| Untracked 
|  43|0x000000070f800000, 0x000000070f800000, 0x000000070fa00000|  0%| F|  |TAMS 0x000000070f800000, 0x000000070f800000| Untracked 
|  44|0x000000070fa00000, 0x000000070fa00000, 0x000000070fc00000|  0%| F|  |TAMS 0x000000070fa00000, 0x000000070fa00000| Untracked 
|  45|0x000000070fc00000, 0x000000070fc00000, 0x000000070fe00000|  0%| F|  |TAMS 0x000000070fc00000, 0x000000070fc00000| Untracked 
|  46|0x000000070fe00000, 0x000000070fe00000, 0x0000000710000000|  0%| F|  |TAMS 0x000000070fe00000, 0x000000070fe00000| Untracked 
|  47|0x0000000710000000, 0x0000000710000000, 0x0000000710200000|  0%| F|  |TAMS 0x0000000710000000, 0x0000000710000000| Untracked 
|  48|0x0000000710200000, 0x0000000710200000, 0x0000000710400000|  0%| F|  |TAMS 0x0000000710200000, 0x0000000710200000| Untracked 
|  49|0x0000000710400000, 0x0000000710400000, 0x0000000710600000|  0%| F|  |TAMS 0x0000000710400000, 0x0000000710400000| Untracked 
|  50|0x0000000710600000, 0x0000000710600000, 0x0000000710800000|  0%| F|  |TAMS 0x0000000710600000, 0x0000000710600000| Untracked 
|  51|0x0000000710800000, 0x0000000710800000, 0x0000000710a00000|  0%| F|  |TAMS 0x0000000710800000, 0x0000000710800000| Untracked 
|  52|0x0000000710a00000, 0x0000000710a00000, 0x0000000710c00000|  0%| F|  |TAMS 0x0000000710a00000, 0x0000000710a00000| Untracked 
|  53|0x0000000710c00000, 0x0000000710c00000, 0x0000000710e00000|  0%| F|  |TAMS 0x0000000710c00000, 0x0000000710c00000| Untracked 
|  54|0x0000000710e00000, 0x0000000710e00000, 0x0000000711000000|  0%| F|  |TAMS 0x0000000710e00000, 0x0000000710e00000| Untracked 
|  55|0x0000000711000000, 0x0000000711000000, 0x0000000711200000|  0%| F|  |TAMS 0x0000000711000000, 0x0000000711000000| Untracked 
|  56|0x0000000711200000, 0x0000000711200000, 0x0000000711400000|  0%| F|  |TAMS 0x0000000711200000, 0x0000000711200000| Untracked 
|  57|0x0000000711400000, 0x0000000711400000, 0x0000000711600000|  0%| F|  |TAMS 0x0000000711400000, 0x0000000711400000| Untracked 
|  58|0x0000000711600000, 0x0000000711600000, 0x0000000711800000|  0%| F|  |TAMS 0x0000000711600000, 0x0000000711600000| Untracked 
|  59|0x0000000711800000, 0x0000000711800000, 0x0000000711a00000|  0%| F|  |TAMS 0x0000000711800000, 0x0000000711800000| Untracked 
|  60|0x0000000711a00000, 0x0000000711a00000, 0x0000000711c00000|  0%| F|  |TAMS 0x0000000711a00000, 0x0000000711a00000| Untracked 
|  61|0x0000000711c00000, 0x0000000711c00000, 0x0000000711e00000|  0%| F|  |TAMS 0x0000000711c00000, 0x0000000711c00000| Untracked 
|  62|0x0000000711e00000, 0x0000000711e00000, 0x0000000712000000|  0%| F|  |TAMS 0x0000000711e00000, 0x0000000711e00000| Untracked 
|  63|0x0000000712000000, 0x0000000712000000, 0x0000000712200000|  0%| F|  |TAMS 0x0000000712000000, 0x0000000712000000| Untracked 
|  64|0x0000000712200000, 0x0000000712200000, 0x0000000712400000|  0%| F|  |TAMS 0x0000000712200000, 0x0000000712200000| Untracked 
|  65|0x0000000712400000, 0x0000000712400000, 0x0000000712600000|  0%| F|  |TAMS 0x0000000712400000, 0x0000000712400000| Untracked 
|  66|0x0000000712600000, 0x0000000712600000, 0x0000000712800000|  0%| F|  |TAMS 0x0000000712600000, 0x0000000712600000| Untracked 
|  67|0x0000000712800000, 0x0000000712800000, 0x0000000712a00000|  0%| F|  |TAMS 0x0000000712800000, 0x0000000712800000| Untracked 
|  68|0x0000000712a00000, 0x0000000712a00000, 0x0000000712c00000|  0%| F|  |TAMS 0x0000000712a00000, 0x0000000712a00000| Untracked 
|  69|0x0000000712c00000, 0x0000000712c00000, 0x0000000712e00000|  0%| F|  |TAMS 0x0000000712c00000, 0x0000000712c00000| Untracked 
|  70|0x0000000712e00000, 0x0000000712e00000, 0x0000000713000000|  0%| F|  |TAMS 0x0000000712e00000, 0x0000000712e00000| Untracked 
|  71|0x0000000713000000, 0x0000000713000000, 0x0000000713200000|  0%| F|  |TAMS 0x0000000713000000, 0x0000000713000000| Untracked 
|  72|0x0000000713200000, 0x0000000713200000, 0x0000000713400000|  0%| F|  |TAMS 0x0000000713200000, 0x0000000713200000| Untracked 
|  73|0x0000000713400000, 0x0000000713400000, 0x0000000713600000|  0%| F|  |TAMS 0x0000000713400000, 0x0000000713400000| Untracked 
|  74|0x0000000713600000, 0x0000000713600000, 0x0000000713800000|  0%| F|  |TAMS 0x0000000713600000, 0x0000000713600000| Untracked 
|  75|0x0000000713800000, 0x0000000713800000, 0x0000000713a00000|  0%| F|  |TAMS 0x0000000713800000, 0x0000000713800000| Untracked 
|  76|0x0000000713a00000, 0x0000000713a00000, 0x0000000713c00000|  0%| F|  |TAMS 0x0000000713a00000, 0x0000000713a00000| Untracked 
|  77|0x0000000713c00000, 0x0000000713c00000, 0x0000000713e00000|  0%| F|  |TAMS 0x0000000713c00000, 0x0000000713c00000| Untracked 
|  78|0x0000000713e00000, 0x0000000713e00000, 0x0000000714000000|  0%| F|  |TAMS 0x0000000713e00000, 0x0000000713e00000| Untracked 
|  79|0x0000000714000000, 0x0000000714000000, 0x0000000714200000|  0%| F|  |TAMS 0x0000000714000000, 0x0000000714000000| Untracked 
|  80|0x0000000714200000, 0x0000000714200000, 0x0000000714400000|  0%| F|  |TAMS 0x0000000714200000, 0x0000000714200000| Untracked 
|  81|0x0000000714400000, 0x0000000714400000, 0x0000000714600000|  0%| F|  |TAMS 0x0000000714400000, 0x0000000714400000| Untracked 
|  82|0x0000000714600000, 0x0000000714600000, 0x0000000714800000|  0%| F|  |TAMS 0x0000000714600000, 0x0000000714600000| Untracked 
|  83|0x0000000714800000, 0x0000000714800000, 0x0000000714a00000|  0%| F|  |TAMS 0x0000000714800000, 0x0000000714800000| Untracked 
|  84|0x0000000714a00000, 0x0000000714a00000, 0x0000000714c00000|  0%| F|  |TAMS 0x0000000714a00000, 0x0000000714a00000| Untracked 
|  85|0x0000000714c00000, 0x0000000714c00000, 0x0000000714e00000|  0%| F|  |TAMS 0x0000000714c00000, 0x0000000714c00000| Untracked 
|  86|0x0000000714e00000, 0x0000000714e00000, 0x0000000715000000|  0%| F|  |TAMS 0x0000000714e00000, 0x0000000714e00000| Untracked 
|  87|0x0000000715000000, 0x0000000715000000, 0x0000000715200000|  0%| F|  |TAMS 0x0000000715000000, 0x0000000715000000| Untracked 
|  88|0x0000000715200000, 0x0000000715200000, 0x0000000715400000|  0%| F|  |TAMS 0x0000000715200000, 0x0000000715200000| Untracked 
|  89|0x0000000715400000, 0x0000000715400000, 0x0000000715600000|  0%| F|  |TAMS 0x0000000715400000, 0x0000000715400000| Untracked 
|  90|0x0000000715600000, 0x0000000715600000, 0x0000000715800000|  0%| F|  |TAMS 0x0000000715600000, 0x0000000715600000| Untracked 
|  91|0x0000000715800000, 0x0000000715800000, 0x0000000715a00000|  0%| F|  |TAMS 0x0000000715800000, 0x0000000715800000| Untracked 
|  92|0x0000000715a00000, 0x0000000715a00000, 0x0000000715c00000|  0%| F|  |TAMS 0x0000000715a00000, 0x0000000715a00000| Untracked 
|  93|0x0000000715c00000, 0x0000000715c00000, 0x0000000715e00000|  0%| F|  |TAMS 0x0000000715c00000, 0x0000000715c00000| Untracked 
|  94|0x0000000715e00000, 0x0000000715e00000, 0x0000000716000000|  0%| F|  |TAMS 0x0000000715e00000, 0x0000000715e00000| Untracked 
|  95|0x0000000716000000, 0x0000000716000000, 0x0000000716200000|  0%| F|  |TAMS 0x0000000716000000, 0x0000000716000000| Untracked 
|  96|0x0000000716200000, 0x0000000716200000, 0x0000000716400000|  0%| F|  |TAMS 0x0000000716200000, 0x0000000716200000| Untracked 
|  97|0x0000000716400000, 0x0000000716400000, 0x0000000716600000|  0%| F|  |TAMS 0x0000000716400000, 0x0000000716400000| Untracked 
|  98|0x0000000716600000, 0x0000000716600000, 0x0000000716800000|  0%| F|  |TAMS 0x0000000716600000, 0x0000000716600000| Untracked 
|  99|0x0000000716800000, 0x0000000716800000, 0x0000000716a00000|  0%| F|  |TAMS 0x0000000716800000, 0x0000000716800000| Untracked 
| 100|0x0000000716a00000, 0x0000000716a00000, 0x0000000716c00000|  0%| F|  |TAMS 0x0000000716a00000, 0x0000000716a00000| Untracked 
| 101|0x0000000716c00000, 0x0000000716c00000, 0x0000000716e00000|  0%| F|  |TAMS 0x0000000716c00000, 0x0000000716c00000| Untracked 
| 102|0x0000000716e00000, 0x0000000716e00000, 0x0000000717000000|  0%| F|  |TAMS 0x0000000716e00000, 0x0000000716e00000| Untracked 
| 103|0x0000000717000000, 0x0000000717000000, 0x0000000717200000|  0%| F|  |TAMS 0x0000000717000000, 0x0000000717000000| Untracked 
| 104|0x0000000717200000, 0x0000000717200000, 0x0000000717400000|  0%| F|  |TAMS 0x0000000717200000, 0x0000000717200000| Untracked 
| 105|0x0000000717400000, 0x0000000717400000, 0x0000000717600000|  0%| F|  |TAMS 0x0000000717400000, 0x0000000717400000| Untracked 
| 106|0x0000000717600000, 0x0000000717600000, 0x0000000717800000|  0%| F|  |TAMS 0x0000000717600000, 0x0000000717600000| Untracked 
| 107|0x0000000717800000, 0x0000000717800000, 0x0000000717a00000|  0%| F|  |TAMS 0x0000000717800000, 0x0000000717800000| Untracked 
| 108|0x0000000717a00000, 0x0000000717a00000, 0x0000000717c00000|  0%| F|  |TAMS 0x0000000717a00000, 0x0000000717a00000| Untracked 
| 109|0x0000000717c00000, 0x0000000717c00000, 0x0000000717e00000|  0%| F|  |TAMS 0x0000000717c00000, 0x0000000717c00000| Untracked 
| 110|0x0000000717e00000, 0x0000000717e00000, 0x0000000718000000|  0%| F|  |TAMS 0x0000000717e00000, 0x0000000717e00000| Untracked 
| 111|0x0000000718000000, 0x0000000718000000, 0x0000000718200000|  0%| F|  |TAMS 0x0000000718000000, 0x0000000718000000| Untracked 
| 112|0x0000000718200000, 0x0000000718200000, 0x0000000718400000|  0%| F|  |TAMS 0x0000000718200000, 0x0000000718200000| Untracked 
| 113|0x0000000718400000, 0x0000000718400000, 0x0000000718600000|  0%| F|  |TAMS 0x0000000718400000, 0x0000000718400000| Untracked 
| 114|0x0000000718600000, 0x0000000718600000, 0x0000000718800000|  0%| F|  |TAMS 0x0000000718600000, 0x0000000718600000| Untracked 
| 115|0x0000000718800000, 0x0000000718800000, 0x0000000718a00000|  0%| F|  |TAMS 0x0000000718800000, 0x0000000718800000| Untracked 
| 116|0x0000000718a00000, 0x0000000718a00000, 0x0000000718c00000|  0%| F|  |TAMS 0x0000000718a00000, 0x0000000718a00000| Untracked 
| 117|0x0000000718c00000, 0x0000000718c00000, 0x0000000718e00000|  0%| F|  |TAMS 0x0000000718c00000, 0x0000000718c00000| Untracked 
| 118|0x0000000718e00000, 0x0000000718e00000, 0x0000000719000000|  0%| F|  |TAMS 0x0000000718e00000, 0x0000000718e00000| Untracked 
| 119|0x0000000719000000, 0x0000000719000000, 0x0000000719200000|  0%| F|  |TAMS 0x0000000719000000, 0x0000000719000000| Untracked 
| 120|0x0000000719200000, 0x0000000719400000, 0x0000000719400000|100%| E|  |TAMS 0x0000000719200000, 0x0000000719200000| Complete 
| 121|0x0000000719400000, 0x0000000719600000, 0x0000000719600000|100%| E|CS|TAMS 0x0000000719400000, 0x0000000719400000| Complete 
| 122|0x0000000719600000, 0x0000000719800000, 0x0000000719800000|100%| E|CS|TAMS 0x0000000719600000, 0x0000000719600000| Complete 

Card table byte_map: [0x000001f1fbe50000,0x000001f1fc600000] _byte_map_base: 0x000001f1f85ff000

Marking Bits (Prev, Next): (CMBitMap*) 0x000001f1f3679990, (CMBitMap*) 0x000001f1f36799d0
 Prev Bits: [0x000001f18f000000, 0x000001f192d78000)
 Next Bits: [0x000001f192d80000, 0x000001f196af8000)

Polling page: 0x000001f1f15a0000

Metaspace:

Usage:
  Non-class:      1.02 MB used.
      Class:     97.23 KB used.
       Both:      1.11 MB used.

Virtual space:
  Non-class space:        8.00 MB reserved,       1.12 MB ( 14%) committed,  1 nodes.
      Class space:        1.00 GB reserved,     192.00 KB ( <1%) committed,  1 nodes.
             Both:        1.01 GB reserved,       1.31 MB ( <1%) committed. 

Chunk freelists:
   Non-Class:  3.86 MB
       Class:  3.71 MB
        Both:  7.57 MB

MaxMetaspaceSize: unlimited
CompressedClassSpaceSize: 1.00 GB
Initial GC threshold: 21.00 MB
Current GC threshold: 21.00 MB
CDS: on
MetaspaceReclaimPolicy: balanced
 - commit_granule_bytes: 65536.
 - commit_granule_words: 8192.
 - virtual_space_node_default_size: 1048576.
 - enlarge_chunks_in_place: 1.
 - new_chunks_are_fully_committed: 0.
 - uncommit_free_chunks: 1.
 - use_allocation_guard: 0.
 - handle_deallocations: 1.


Internal statistics:

num_allocs_failed_limit: 0.
num_arena_births: 16.
num_arena_deaths: 0.
num_vsnodes_births: 2.
num_vsnodes_deaths: 0.
num_space_committed: 21.
num_space_uncommitted: 0.
num_chunks_returned_to_freelist: 0.
num_chunks_taken_from_freelist: 30.
num_chunk_merges: 0.
num_chunk_splits: 15.
num_chunks_enlarged: 11.
num_purges: 0.
num_inconsistent_stats: 0.

CodeHeap 'non-profiled nmethods': size=119168Kb used=98Kb max_used=98Kb free=119069Kb
 bounds [0x000001f187ba0000, 0x000001f187e10000, 0x000001f18f000000]
CodeHeap 'profiled nmethods': size=119104Kb used=388Kb max_used=388Kb free=118715Kb
 bounds [0x000001f180750000, 0x000001f1809c0000, 0x000001f187ba0000]
CodeHeap 'non-nmethods': size=7488Kb used=2249Kb max_used=2265Kb free=5238Kb
 bounds [0x000001f180000000, 0x000001f180270000, 0x000001f180750000]
 total_blobs=722 nmethods=315 adapters=318
 compilation: enabled
              stopped_count=0, restarted_count=0
 full_count=0

Compilation events (20 events):
Event: 0.104 Thread 0x000001f197604950 nmethod 304 0x000001f1807ac610 code [0x000001f1807ac820, 0x000001f1807acf98]
Event: 0.105 Thread 0x000001f19765a810  305   !   4       java.util.zip.ZipFile$Source::checkAndAddEntry (209 bytes)
Event: 0.105 Thread 0x000001f1ffd72870  306       3       java.io.WinNTFileSystem::normalize (143 bytes)
Event: 0.105 Thread 0x000001f197605470  307       1       java.lang.Integer::intValue (5 bytes)
Event: 0.105 Thread 0x000001f197605470 nmethod 307 0x000001f187bb7e90 code [0x000001f187bb8020, 0x000001f187bb80f8]
Event: 0.105 Thread 0x000001f197605470  308   !   3       java.util.zip.ZipFile$Source::readFullyAt (74 bytes)
Event: 0.105 Thread 0x000001f1ffd72870 nmethod 306 0x000001f1807ad290 code [0x000001f1807ad520, 0x000001f1807ae0f8]
Event: 0.106 Thread 0x000001f197605470 nmethod 308 0x000001f1807ae590 code [0x000001f1807ae780, 0x000001f1807aed48]
Event: 0.106 Thread 0x000001f197605470  309       3       java.lang.CharacterDataLatin1::toUpperCase (53 bytes)
Event: 0.106 Thread 0x000001f197605470 nmethod 309 0x000001f1807af110 code [0x000001f1807af2c0, 0x000001f1807af558]
Event: 0.106 Thread 0x000001f197605470  310       3       java.util.zip.ZipFile$Source::getEntryNext (9 bytes)
Event: 0.107 Thread 0x000001f197605470 nmethod 310 0x000001f1807af690 code [0x000001f1807af820, 0x000001f1807af958]
Event: 0.108 Thread 0x000001f1ffd72870  311       3       jdk.internal.misc.Unsafe::allocateUninitializedArray (55 bytes)
Event: 0.108 Thread 0x000001f1ffd72870 nmethod 311 0x000001f1807afa10 code [0x000001f1807afc00, 0x000001f1807b0078]
Event: 0.108 Thread 0x000001f1ffd72870  312       1       sun.nio.fs.NativeBuffer::address (5 bytes)
Event: 0.108 Thread 0x000001f1ffd72870 nmethod 312 0x000001f187bb8190 code [0x000001f187bb8320, 0x000001f187bb83f8]
Event: 0.110 Thread 0x000001f1ffd72870  313       3       java.io.WinNTFileSystem::isLetter (30 bytes)
Event: 0.110 Thread 0x000001f1ffd72870 nmethod 313 0x000001f1807b0210 code [0x000001f1807b03a0, 0x000001f1807b05b8]
Event: 0.110 Thread 0x000001f197604950  315       3       java.util.zip.ZipFile::ensureOpen (40 bytes)
Event: 0.111 Thread 0x000001f197604950 nmethod 315 0x000001f1807b0690 code [0x000001f1807b0860, 0x000001f1807b0af8]

GC Heap History (0 events):
No events

Deoptimization events (16 events):
Event: 0.064 Thread 0x000001f1f3626d00 Uncommon trap: trap_request=0xffffffde fr.pc=0x000001f187bad838 relative=0x00000000000007d8
Event: 0.064 Thread 0x000001f1f3626d00 Uncommon trap: reason=class_check action=maybe_recompile pc=0x000001f187bad838 method=java.util.HashMap.putVal(ILjava/lang/Object;Ljava/lang/Object;ZZ)Ljava/lang/Object; @ 152 c2
Event: 0.064 Thread 0x000001f1f3626d00 DEOPT PACKING pc=0x000001f187bad838 sp=0x0000005c743fe0e0
Event: 0.064 Thread 0x000001f1f3626d00 DEOPT UNPACKING pc=0x000001f1800523a3 sp=0x0000005c743fe060 mode 2
Event: 0.064 Thread 0x000001f1f3626d00 Uncommon trap: trap_request=0xffffffde fr.pc=0x000001f187bad838 relative=0x00000000000007d8
Event: 0.064 Thread 0x000001f1f3626d00 Uncommon trap: reason=class_check action=maybe_recompile pc=0x000001f187bad838 method=java.util.HashMap.putVal(ILjava/lang/Object;Ljava/lang/Object;ZZ)Ljava/lang/Object; @ 152 c2
Event: 0.064 Thread 0x000001f1f3626d00 DEOPT PACKING pc=0x000001f187bad838 sp=0x0000005c743fe0e0
Event: 0.064 Thread 0x000001f1f3626d00 DEOPT UNPACKING pc=0x000001f1800523a3 sp=0x0000005c743fe060 mode 2
Event: 0.064 Thread 0x000001f1f3626d00 Uncommon trap: trap_request=0xffffffde fr.pc=0x000001f187bad838 relative=0x00000000000007d8
Event: 0.064 Thread 0x000001f1f3626d00 Uncommon trap: reason=class_check action=maybe_recompile pc=0x000001f187bad838 method=java.util.HashMap.putVal(ILjava/lang/Object;Ljava/lang/Object;ZZ)Ljava/lang/Object; @ 152 c2
Event: 0.064 Thread 0x000001f1f3626d00 DEOPT PACKING pc=0x000001f187bad838 sp=0x0000005c743fe0e0
Event: 0.064 Thread 0x000001f1f3626d00 DEOPT UNPACKING pc=0x000001f1800523a3 sp=0x0000005c743fe060 mode 2
Event: 0.064 Thread 0x000001f1f3626d00 Uncommon trap: trap_request=0xffffffde fr.pc=0x000001f187bad838 relative=0x00000000000007d8
Event: 0.064 Thread 0x000001f1f3626d00 Uncommon trap: reason=class_check action=maybe_recompile pc=0x000001f187bad838 method=java.util.HashMap.putVal(ILjava/lang/Object;Ljava/lang/Object;ZZ)Ljava/lang/Object; @ 152 c2
Event: 0.064 Thread 0x000001f1f3626d00 DEOPT PACKING pc=0x000001f187bad838 sp=0x0000005c743fe0e0
Event: 0.064 Thread 0x000001f1f3626d00 DEOPT UNPACKING pc=0x000001f1800523a3 sp=0x0000005c743fe060 mode 2

Classes unloaded (0 events):
No events

Classes redefined (0 events):
No events

Internal exceptions (3 events):
Event: 0.067 Thread 0x000001f1976b6670 Exception <a 'java/lang/NoSuchMethodError'{0x0000000719475b00}: 'java.lang.Object java.lang.invoke.DirectMethodHandle$Holder.invokeStaticInit(java.lang.Object)'> (0x0000000719475b00) 
thrown [t:\workspace\open\src\hotspot\share\interpreter\linkResolver.cpp, line 766]
Event: 0.071 Thread 0x000001f1976b6670 Exception <a 'java/lang/NoSuchMethodError'{0x0000000719483320}: 'void java.lang.invoke.DirectMethodHandle$Holder.invokeStatic(java.lang.Object, java.lang.Object)'> (0x0000000719483320) 
thrown [t:\workspace\open\src\hotspot\share\interpreter\linkResolver.cpp, line 766]
Event: 0.083 Thread 0x000001f1f3626d00 Exception <a 'java/lang/NoSuchMethodError'{0x0000000719542f40}: 'int java.lang.invoke.DirectMethodHandle$Holder.invokeSpecial(java.lang.Object, java.lang.Object, java.lang.Object)'> (0x0000000719542f40) 
thrown [t:\workspace\open\src\hotspot\share\interpreter\linkResolver.cpp, line 766]

VM Operations (4 events):
Event: 0.040 Executing VM operation: HandshakeAllThreads
Event: 0.040 Executing VM operation: HandshakeAllThreads done
Event: 0.066 Executing VM operation: HandshakeAllThreads
Event: 0.066 Executing VM operation: HandshakeAllThreads done

Events (20 events):
Event: 0.084 loading class jdk/internal/loader/URLClassPath$FileLoader
Event: 0.084 loading class jdk/internal/loader/URLClassPath$FileLoader done
Event: 0.098 loading class sun/net/www/protocol/file/FileURLConnection
Event: 0.098 loading class sun/net/www/URLConnection
Event: 0.098 loading class java/net/URLConnection
Event: 0.098 loading class java/net/URLConnection done
Event: 0.098 loading class sun/net/www/URLConnection done
Event: 0.098 loading class sun/net/www/protocol/file/FileURLConnection done
Event: 0.099 loading class sun/net/www/MessageHeader
Event: 0.099 loading class sun/net/www/MessageHeader done
Event: 0.099 loading class java/io/FilePermission$1
Event: 0.099 loading class jdk/internal/access/JavaIOFilePermissionAccess
Event: 0.099 loading class jdk/internal/access/JavaIOFilePermissionAccess done
Event: 0.099 loading class java/io/FilePermission$1 done
Event: 0.101 loading class java/io/FilePermissionCollection
Event: 0.101 loading class java/io/FilePermissionCollection done
Event: 0.101 loading class java/util/Vector
Event: 0.101 loading class java/util/Vector done
Event: 0.101 loading class java/io/FilePermissionCollection$1
Event: 0.101 loading class java/io/FilePermissionCollection$1 done


Dynamic libraries:
0x00007ff73eee0000 - 0x00007ff73eeee000 	C:\Users\dlatf\.jdks\openjdk-17.0.1\bin\java.exe
0x00007ffac6f90000 - 0x00007ffac7188000 	C:\WINDOWS\SYSTEM32\ntdll.dll
0x00007ffac6840000 - 0x00007ffac6902000 	C:\WINDOWS\System32\KERNEL32.DLL
0x00007ffac4a30000 - 0x00007ffac4d2e000 	C:\WINDOWS\System32\KERNELBASE.dll
0x00007ffac4d30000 - 0x00007ffac4e30000 	C:\WINDOWS\System32\ucrtbase.dll
0x00007ffabfc90000 - 0x00007ffabfca8000 	C:\Users\dlatf\.jdks\openjdk-17.0.1\bin\jli.dll
0x00007ffabcf00000 - 0x00007ffabcf1a000 	C:\Users\dlatf\.jdks\openjdk-17.0.1\bin\VCRUNTIME140.dll
0x00007ffac6620000 - 0x00007ffac67bd000 	C:\WINDOWS\System32\USER32.dll
0x00007ffac4e30000 - 0x00007ffac4e52000 	C:\WINDOWS\System32\win32u.dll
0x00007ffac6180000 - 0x00007ffac61ab000 	C:\WINDOWS\System32\GDI32.dll
0x00007ffac4e60000 - 0x00007ffac4f77000 	C:\WINDOWS\System32\gdi32full.dll
0x00007ffac39f0000 - 0x00007ffac3c8a000 	C:\WINDOWS\WinSxS\amd64_microsoft.windows.common-controls_6595b64144ccf1df_6.0.19041.4355_none_60b8b9eb71f62e16\COMCTL32.dll
0x00007ffac4ff0000 - 0x00007ffac508e000 	C:\WINDOWS\System32\msvcrt.dll
0x00007ffac4990000 - 0x00007ffac4a2d000 	C:\WINDOWS\System32\msvcp_win.dll
0x00007ffac4fb0000 - 0x00007ffac4fdf000 	C:\WINDOWS\System32\IMM32.DLL
0x00007ffabcef0000 - 0x00007ffabcefc000 	C:\Users\dlatf\.jdks\openjdk-17.0.1\bin\vcruntime140_1.dll
0x00007ffaa8340000 - 0x00007ffaa83cd000 	C:\Users\dlatf\.jdks\openjdk-17.0.1\bin\msvcp140.dll
0x00007ffa72570000 - 0x00007ffa7312e000 	C:\Users\dlatf\.jdks\openjdk-17.0.1\bin\server\jvm.dll
0x00007ffac6de0000 - 0x00007ffac6e92000 	C:\WINDOWS\System32\ADVAPI32.dll
0x00007ffac69e0000 - 0x00007ffac6a80000 	C:\WINDOWS\System32\sechost.dll
0x00007ffac6360000 - 0x00007ffac6483000 	C:\WINDOWS\System32\RPCRT4.dll
0x00007ffac4f80000 - 0x00007ffac4fa7000 	C:\WINDOWS\System32\bcrypt.dll
0x00007ffac4fe0000 - 0x00007ffac4fe8000 	C:\WINDOWS\System32\PSAPI.DLL
0x00007ffab96c0000 - 0x00007ffab96e7000 	C:\WINDOWS\SYSTEM32\WINMM.dll
0x00007ffaa1940000 - 0x00007ffaa1949000 	C:\WINDOWS\SYSTEM32\WSOCK32.dll
0x00007ffabceb0000 - 0x00007ffabceba000 	C:\WINDOWS\SYSTEM32\VERSION.dll
0x00007ffac67d0000 - 0x00007ffac683b000 	C:\WINDOWS\System32\WS2_32.dll
0x00007ffac1df0000 - 0x00007ffac1e02000 	C:\WINDOWS\SYSTEM32\kernel.appcore.dll
0x00007ffabbdf0000 - 0x00007ffabbdfa000 	C:\Users\dlatf\.jdks\openjdk-17.0.1\bin\jimage.dll
0x00007ffac4030000 - 0x00007ffac4214000 	C:\WINDOWS\SYSTEM32\DBGHELP.DLL
0x00007ffac3dc0000 - 0x00007ffac3df4000 	C:\WINDOWS\SYSTEM32\dbgcore.DLL
0x00007ffac4850000 - 0x00007ffac48d2000 	C:\WINDOWS\System32\bcryptPrimitives.dll
0x00007ffabbde0000 - 0x00007ffabbdee000 	C:\Users\dlatf\.jdks\openjdk-17.0.1\bin\instrument.dll
0x00007ffab14b0000 - 0x00007ffab14d5000 	C:\Users\dlatf\.jdks\openjdk-17.0.1\bin\java.dll
0x00007ffa7ddc0000 - 0x00007ffa7de96000 	C:\Users\dlatf\.jdks\openjdk-17.0.1\bin\svml.dll
0x00007ffac5090000 - 0x00007ffac57ff000 	C:\WINDOWS\System32\SHELL32.dll
0x00007ffac1ff0000 - 0x00007ffac2794000 	C:\WINDOWS\SYSTEM32\windows.storage.dll
0x00007ffac6a80000 - 0x00007ffac6dd3000 	C:\WINDOWS\System32\combase.dll
0x00007ffac3950000 - 0x00007ffac397e000 	C:\WINDOWS\SYSTEM32\Wldp.dll
0x00007ffac6910000 - 0x00007ffac69dd000 	C:\WINDOWS\System32\OLEAUT32.dll
0x00007ffac58d0000 - 0x00007ffac597d000 	C:\WINDOWS\System32\SHCORE.dll
0x00007ffac5810000 - 0x00007ffac5865000 	C:\WINDOWS\System32\shlwapi.dll
0x00007ffac4560000 - 0x00007ffac4584000 	C:\WINDOWS\SYSTEM32\profapi.dll
0x00007ffaaa530000 - 0x00007ffaaa548000 	C:\Users\dlatf\.jdks\openjdk-17.0.1\bin\zip.dll
0x00007ffaafe10000 - 0x00007ffaafe29000 	C:\Users\dlatf\.jdks\openjdk-17.0.1\bin\net.dll
0x00007ffabc330000 - 0x00007ffabc43d000 	C:\WINDOWS\SYSTEM32\WINHTTP.dll
0x00007ffac3630000 - 0x00007ffac369a000 	C:\WINDOWS\system32\mswsock.dll
0x00007ffaaa9c0000 - 0x00007ffaaa9d5000 	C:\Users\dlatf\.jdks\openjdk-17.0.1\bin\nio.dll
0x00007ffaa96e0000 - 0x00007ffaa96fa000 	D:\IntelliJ IDEA 2024.1\bin\breakgen64.dll

dbghelp: loaded successfully - version: 4.0.5 - missing functions: none
symbol engine: initialized successfully - sym options: 0x614 - pdb path: .;C:\Users\dlatf\.jdks\openjdk-17.0.1\bin;C:\WINDOWS\SYSTEM32;C:\WINDOWS\WinSxS\amd64_microsoft.windows.common-controls_6595b64144ccf1df_6.0.19041.4355_none_60b8b9eb71f62e16;C:\Users\dlatf\.jdks\openjdk-17.0.1\bin\server;D:\IntelliJ IDEA 2024.1\bin

VM Arguments:
jvm_args: -Dmaven.multiModuleProjectDirectory=C:\Users\dlatf\OneDrive\Desktop\DatTechnologies\payment-api -Djansi.passthrough=true -Dmaven.home=C:\Users\dlatf\.m2\wrapper\dists\apache-maven-3.9.4-bin\2vqnav6ufo1qvo5j2um40861m\apache-maven-3.9.4 -Dclassworlds.conf=C:\Users\dlatf\.m2\wrapper\dists\apache-maven-3.9.4-bin\2vqnav6ufo1qvo5j2um40861m\apache-maven-3.9.4\bin\m2.conf -Dmaven.ext.class.path=D:\IntelliJ IDEA 2024.1\plugins\maven\lib\maven-event-listener.jar -javaagent:D:\IntelliJ IDEA 2024.1\lib\idea_rt.jar=52641:D:\IntelliJ IDEA 2024.1\bin -Dfile.encoding=UTF-8 
java_command: org.codehaus.classworlds.Launcher -Didea.version=2024.1 compile
java_class_path (initial): C:\Users\dlatf\.m2\wrapper\dists\apache-maven-3.9.4-bin\2vqnav6ufo1qvo5j2um40861m\apache-maven-3.9.4\boot\plexus-classworlds-2.7.0.jar;C:\Users\dlatf\.m2\wrapper\dists\apache-maven-3.9.4-bin\2vqnav6ufo1qvo5j2um40861m\apache-maven-3.9.4\boot\plexus-classworlds.license
Launcher Type: SUN_STANDARD

[Global flags]
     intx CICompilerCount                          = 12                                        {product} {ergonomic}
     uint ConcGCThreads                            = 3                                         {product} {ergonomic}
     uint G1ConcRefinementThreads                  = 13                                        {product} {ergonomic}
   size_t G1HeapRegionSize                         = 2097152                                   {product} {ergonomic}
    uintx GCDrainStackTargetSize                   = 64                                        {product} {ergonomic}
   size_t InitialHeapSize                          = 257949696                                 {product} {ergonomic}
   size_t MarkStackSize                            = 4194304                                   {product} {ergonomic}
   size_t MaxHeapSize                              = 4125097984                                {product} {ergonomic}
   size_t MaxNewSize                               = 2474639360                                {product} {ergonomic}
   size_t MinHeapDeltaBytes                        = 2097152                                   {product} {ergonomic}
   size_t MinHeapSize                              = 8388608                                   {product} {ergonomic}
    uintx NonNMethodCodeHeapSize                   = 7602480                                {pd product} {ergonomic}
    uintx NonProfiledCodeHeapSize                  = 122027880                              {pd product} {ergonomic}
    uintx ProfiledCodeHeapSize                     = 122027880                              {pd product} {ergonomic}
    uintx ReservedCodeCacheSize                    = 251658240                              {pd product} {ergonomic}
     bool SegmentedCodeCache                       = true                                      {product} {ergonomic}
   size_t SoftMaxHeapSize                          = 4125097984                             {manageable} {ergonomic}
     bool UseCompressedClassPointers               = true                           {product lp64_product} {ergonomic}
     bool UseCompressedOops                        = true                           {product lp64_product} {ergonomic}
     bool UseG1GC                                  = true                                      {product} {ergonomic}
     bool UseLargePagesIndividualAllocation        = false                                  {pd product} {ergonomic}

Logging:
Log output configuration:
 #0: stdout all=warning uptime,level,tags
 #1: stderr all=off uptime,level,tags

Environment Variables:
JAVA_HOME=C:\Program Files\Java\jdk-21
PATH=C:\Users\dlatf\AppData\Local\Programs\Python\Python312\Scripts\;C:\Users\dlatf\AppData\Local\Programs\Python\Python312\;C:\Program Files\Common Files\Oracle\Java\javapath;C:\Program Files (x86)\VMware\VMware Workstation\bin\;C:\WINDOWS\system32;C:\WINDOWS;C:\WINDOWS\System32\Wbem;C:\WINDOWS\System32\WindowsPowerShell\v1.0\;C:\WINDOWS\System32\OpenSSH\;C:\Program Files\PuTTY\;C:\Program Files\Git\cmd;C:\Program Files\Java\jdk-21\bin;C:\Users\dlatf\AppData\Local\Programs\Python\Python310\python.exe;D:\Spark\spark-3.5.0-bin-hadoop3;%HADOOP_HOME%\BIN\WINUTILS.EXE;C:\Program Files\poppler-24.02.0\Library\bin;C:\Program Files\Docker\Docker\resources\bin;C:\Program Files\apache-maven-3.9.7\bin;D:\BaseX\bin;D:\nodejs\;C:\ProgramData\chocolatey\bin;C:\Users\dlatf\scoop\shims;C:\Users\dlatf\AppData\Local\Programs\Python\Launcher\;C:\Users\dlatf\AppData\Roaming\Microsoft\Windows\Start Menu\Programs\Python 3.10;D:\Microsoft VS Code\bin;D:\Spark\spark-3.5.0-bin-hadoop3\bin;C:\Program Files\Java\jdk-21\bin;%HADOOP_HOME%\BIN\WINUTILS.EXE;C:\Program Files\poppler-24.02.0\Library\bin;C:\Users\dlatf\AppData\Local\Microsoft\WindowsApps;D:\Docker Toolbox;D:\IntelliJ IDEA 2024.1\bin;;C:\Users\dlatf\OneDrive\Desktop\mongosh-2.3.1-win32-x64\bin;C:\Program Files\MongoDB\Server\7.0\bin;D:\heroku\bin;C:\Users\dlatf\AppData\Roaming\npm;C:\Program Files\OpenSSL-Win64\bin
USERNAME=Damirok
OS=Windows_NT
PROCESSOR_IDENTIFIER=AMD64 Family 23 Model 96 Stepping 1, AuthenticAMD



---------------  S Y S T E M  ---------------

OS:
 Windows 10 , 64 bit Build 19041 (10.0.19041.4957)
OS uptime: 0 days 3:55 hours
Hyper-V role detected

CPU: total 16 (initial active 16) (16 cores per cpu, 2 threads per core) family 23 model 96 stepping 1 microcode 0x0, cx8, cmov, fxsr, ht, mmx, 3dnowpref, sse, sse2, sse3, ssse3, sse4a, sse4.1, sse4.2, popcnt, lzcnt, tsc, tscinvbit, avx, avx2, aes, clmul, bmi1, bmi2, adx, sha, fma, vzeroupper, clflush, clflushopt, hv

Memory: 4k page, system-wide physical 15732M (4533M free)
TotalPageFile size 17780M (AvailPageFile size 3M)
current process WorkingSet (physical memory assigned to process): 39M, peak: 39M
current process commit charge ("private bytes"): 347M, peak: 347M

vm_info: OpenJDK 64-Bit Server VM (17.0.1+12-39) for windows-amd64 JRE (17.0.1+12-39), built on Sep 27 2021 18:39:29 by "mach5one" with MS VC++ 16.8 (VS2019)

END.
